2021-07-14 23:56:09:     Reconnected successfully!
2021-07-14 23:56:09:     Game type = "Red bonus tile" : True, "Open tanyao" : True, "Game  length" : tonpusen
2021-07-14 23:56:10:     Reconnected. Resuming game state...
2021-07-14 23:56:11:     --------------------------------------------------
2021-07-14 23:56:11:  
2021-07-14 23:56:13: 
2021-07-14 23:56:14: 
2021-07-14 23:56:14:     Remaining tiles: 63
2021-07-14 23:56:14:     --------------------------------------------------
2021-07-14 23:56:14: 
2021-07-14 23:56:14:     [Player 1] draws a tile...
2021-07-14 23:56:18:     [Player 2] draws a tile...
2021-07-14 23:56:23:     [Player 2] draws a tile...
2021-07-14 23:56:25:     [Player 3] draws a tile...
2021-07-14 23:56:27: 
2021-07-14 23:56:27: 
2021-07-14 23:56:27:     Remaining tiles: 58
2021-07-14 23:56:27:     --------------------------------------------------
2021-07-14 23:56:27: 
2021-07-14 23:56:28:     [Player 1] draws a tile...
2021-07-14 23:56:31:     [Player 2] draws a tile...
2021-07-14 23:56:33:     [Player 3] draws a tile...
2021-07-14 23:56:38: 
2021-07-14 23:56:38: 
2021-07-14 23:56:38:     Remaining tiles: 54
2021-07-14 23:56:38:     --------------------------------------------------
2021-07-14 23:56:38: 
2021-07-14 23:56:39:     [Player 1] draws a tile...
2021-07-14 23:56:42:     [Player 2] draws a tile...
2021-07-14 23:56:49: 
2021-07-14 23:56:50: 
2021-07-14 23:56:50:     Remaining tiles: 51
2021-07-14 23:56:50:     --------------------------------------------------
2021-07-14 23:56:50: 
2021-07-14 23:56:50:     [Player 1] draws a tile...
2021-07-14 23:56:55:     [Player 2] draws a tile...
2021-07-14 23:56:56:     [Player 3] draws a tile...
2021-07-14 23:57:00: 
2021-07-14 23:57:00: 
2021-07-14 23:57:00:     Remaining tiles: 47
2021-07-14 23:57:00:     --------------------------------------------------
2021-07-14 23:57:00: 
2021-07-14 23:57:01:     [Player 1] draws a tile...
2021-07-14 23:57:04:     [Player 2] draws a tile...
2021-07-14 23:57:10:     [Player 2] draws a tile...
2021-07-14 23:57:12:     [Player 3] draws a tile...
2021-07-14 23:57:14: 
2021-07-14 23:57:15: 
2021-07-14 23:57:15:     Remaining tiles: 42
2021-07-14 23:57:15:     --------------------------------------------------
2021-07-14 23:57:15: 
2021-07-14 23:57:18:     [Player 1] draws a tile...
2021-07-14 23:57:24:     [Player 2] draws a tile...
2021-07-14 23:57:25:     [Player 3] draws a tile...
2021-07-14 23:57:32:     [Player 2] draws a tile...
2021-07-14 23:58:03: Socket connection might be shut down... 31s
2021-07-14 23:58:03:     Game was ended unexpected
2021-07-14 23:58:03: 
