2021-07-15 13:23:14:     User(ID044813EF-4dCn98J3) was authenticated successfully
2021-07-15 13:23:18:     Game type = "Red bonus tile" : True, "Open tanyao" : True, "Game  length" : tonpusen
2021-07-15 13:23:18:     A new game started!
2021-07-15 13:23:18:     The replay link can be found here: http://tenhou.net/0/?log=2021071512gm-0001-0000-d2009987&tw=3
2021-07-15 13:23:22:     --------------------------------------------------
2021-07-15 13:23:22:  
2021-07-15 13:23:22:     [Player 1] draws a tile...
2021-07-15 13:23:25:     [Player 2] draws a tile...
2021-07-15 13:23:27:     [Player 3] draws a tile...
2021-07-15 13:23:29: 
2021-07-15 13:23:30: 
2021-07-15 13:23:30:     Remaining tiles: 66
2021-07-15 13:23:30:     --------------------------------------------------
2021-07-15 13:23:30: 
2021-07-15 13:23:30:     [Player 1] draws a tile...
2021-07-15 13:23:33:     [Player 2] draws a tile...
2021-07-15 13:23:36:     [Player 3] draws a tile...
2021-07-15 13:23:38: 
2021-07-15 13:23:38: 
2021-07-15 13:23:38:     Remaining tiles: 62
2021-07-15 13:23:38:     --------------------------------------------------
2021-07-15 13:23:38: 
2021-07-15 13:23:40:     [Player 1] draws a tile...
2021-07-15 13:23:45:     [Player 2] draws a tile...
2021-07-15 13:23:47:     [Player 3] draws a tile...
2021-07-15 13:23:49: 
2021-07-15 13:23:50: 
2021-07-15 13:23:50:     Remaining tiles: 58
2021-07-15 13:23:50:     --------------------------------------------------
2021-07-15 13:23:50: 
2021-07-15 13:23:50:     [Player 1] draws a tile...
2021-07-15 13:23:54:     [Player 2] draws a tile...
2021-07-15 13:23:56: 
2021-07-15 13:23:57:     [Player 3] draws a tile...
2021-07-15 13:24:01: 
2021-07-15 13:24:03:     [Player 1] draws a tile...
2021-07-15 13:24:06:     [Player 2] draws a tile...
2021-07-15 13:24:06:     [Player 3] draws a tile...
2021-07-15 13:24:09: 
2021-07-15 13:24:10: 
2021-07-15 13:24:10:     Remaining tiles: 51
2021-07-15 13:24:10:     --------------------------------------------------
2021-07-15 13:24:10: 
2021-07-15 13:24:10:     [Player 1] draws a tile...
2021-07-15 13:24:14:     [Player 2] draws a tile...
2021-07-15 13:24:14:     [Player 3] draws a tile...
2021-07-15 13:24:17: 
2021-07-15 13:24:18: 
2021-07-15 13:24:18:     Remaining tiles: 47
2021-07-15 13:24:18:     --------------------------------------------------
2021-07-15 13:24:18: 
2021-07-15 13:24:20:     [Player 1] draws a tile...
2021-07-15 13:24:24:     [Player 2] draws a tile...
2021-07-15 13:24:25:     [Player 3] draws a tile...
2021-07-15 13:24:27: 
2021-07-15 13:24:28: 
2021-07-15 13:24:28:     Remaining tiles: 43
2021-07-15 13:24:28:     --------------------------------------------------
2021-07-15 13:24:28: 
2021-07-15 13:24:28:     [Player 1] draws a tile...
2021-07-15 13:24:35:     [Player 2] draws a tile...
2021-07-15 13:24:35:     [Player 3] draws a tile...
2021-07-15 13:24:37: 
2021-07-15 13:24:38: 
2021-07-15 13:24:38:     Remaining tiles: 39
2021-07-15 13:24:38:     --------------------------------------------------
2021-07-15 13:24:38: 
2021-07-15 13:24:38:     [Player 1] draws a tile...
2021-07-15 13:24:40:     [Player 2] draws a tile...
2021-07-15 13:24:43:     [Player 3] draws a tile...
2021-07-15 13:24:45: 
2021-07-15 13:24:46: 
2021-07-15 13:24:46:     Remaining tiles: 35
2021-07-15 13:24:46:     --------------------------------------------------
2021-07-15 13:24:46: 
2021-07-15 13:24:48:     [Player 1] draws a tile...
2021-07-15 13:24:52:     [Player 2] draws a tile...
2021-07-15 13:24:52:     [Player 3] draws a tile...
2021-07-15 13:24:55: 
2021-07-15 13:24:55: 
2021-07-15 13:24:55:     Remaining tiles: 31
2021-07-15 13:24:55:     --------------------------------------------------
2021-07-15 13:24:55: 
2021-07-15 13:24:58:     [Player 1] draws a tile...
2021-07-15 13:25:06:     [Player 2] draws a tile...
2021-07-15 13:25:07:     [Player 3] draws a tile...
2021-07-15 13:25:10: 
2021-07-15 13:25:11: 
2021-07-15 13:25:11:     Remaining tiles: 27
2021-07-15 13:25:11:     --------------------------------------------------
2021-07-15 13:25:11: 
2021-07-15 13:25:13:     [Player 1] draws a tile...
2021-07-15 13:25:18:     [Player 2] draws a tile...
2021-07-15 13:25:20:     [Player 3] draws a tile...
2021-07-15 13:25:22: 
2021-07-15 13:25:23: 
2021-07-15 13:25:23:     Remaining tiles: 23
2021-07-15 13:25:23:     --------------------------------------------------
2021-07-15 13:25:23: 
2021-07-15 13:25:24:     [Player 1] draws a tile...
2021-07-15 13:25:26:     [Player 2] draws a tile...
2021-07-15 13:25:27: 
2021-07-15 13:25:29:     [Player 1] draws a tile...
2021-07-15 13:25:31:     [Player 2] draws a tile...
2021-07-15 13:25:32:     [Player 3] draws a tile...
2021-07-15 13:25:34: 
2021-07-15 13:25:35: 
2021-07-15 13:25:35:     Remaining tiles: 17
2021-07-15 13:25:35:     --------------------------------------------------
2021-07-15 13:25:35: 
2021-07-15 13:25:37:     [Player 1] draws a tile...
2021-07-15 13:25:43:     [Player 2] draws a tile...
2021-07-15 13:25:46:     [Player 3] draws a tile...
2021-07-15 13:25:49: 
2021-07-15 13:25:51:     [Player 1] draws a tile...
2021-07-15 13:25:59:     [Player 2] draws a tile...
2021-07-15 13:26:01:     [Player 3] draws a tile...
2021-07-15 13:26:05: 
2021-07-15 13:26:06: 
2021-07-15 13:26:06:     Remaining tiles: 10
2021-07-15 13:26:06:     --------------------------------------------------
2021-07-15 13:26:06: 
2021-07-15 13:26:11:     --------------------------------------------------
2021-07-15 13:26:11: 
2021-07-15 13:26:11:     <AGARI ba="0,1" hai="2,3,42,44,50,87,90,95,99,100,107,113,114,115" machi="99" ten="40,2600,0" yaku="1,1,11,1,53,0" doraHai="125" doraHaiUra="135" who="2" fromWho="3" sc="250,0,250,0,240,36,250,-26" />
2021-07-15 13:26:11: 
2021-07-15 13:26:11:     --------------------------------------------------
2021-07-15 13:26:16:     --------------------------------------------------
2021-07-15 13:26:16:  
2021-07-15 13:26:16:     [Player 2] draws a tile...
2021-07-15 13:26:19:     [Player 3] draws a tile...
2021-07-15 13:26:21: 
2021-07-15 13:26:21: 
2021-07-15 13:26:21:     Remaining tiles: 67
2021-07-15 13:26:21:     --------------------------------------------------
2021-07-15 13:26:21: 
2021-07-15 13:26:23:     [Player 1] draws a tile...
2021-07-15 13:26:24:     [Player 2] draws a tile...
2021-07-15 13:26:25:     [Player 3] draws a tile...
2021-07-15 13:26:28: 
2021-07-15 13:26:29:     [Player 1] draws a tile...
2021-07-15 13:26:31:     [Player 2] draws a tile...
2021-07-15 13:26:33:     [Player 3] draws a tile...
2021-07-15 13:26:36: 
2021-07-15 13:26:36: 
2021-07-15 13:26:36:     Remaining tiles: 60
2021-07-15 13:26:36:     --------------------------------------------------
2021-07-15 13:26:36: 
2021-07-15 13:26:37:     [Player 1] draws a tile...
2021-07-15 13:26:40: 
2021-07-15 13:26:41: 
2021-07-15 13:26:41:     Remaining tiles: 58
2021-07-15 13:26:41:     --------------------------------------------------
2021-07-15 13:26:41: 
2021-07-15 13:26:43:     [Player 1] draws a tile...
2021-07-15 13:26:44:     [Player 2] draws a tile...
2021-07-15 13:26:46:     [Player 3] draws a tile...
2021-07-15 13:26:48: 
2021-07-15 13:26:48: 
2021-07-15 13:26:48:     Remaining tiles: 54
2021-07-15 13:26:48:     --------------------------------------------------
2021-07-15 13:26:48: 
2021-07-15 13:26:50:     [Player 1] draws a tile...
2021-07-15 13:26:52:     [Player 2] draws a tile...
2021-07-15 13:26:53:     [Player 3] draws a tile...
2021-07-15 13:26:57: 
2021-07-15 13:26:59:     [Player 1] draws a tile...
2021-07-15 13:27:00:     [Player 2] draws a tile...
2021-07-15 13:27:01:     [Player 3] draws a tile...
2021-07-15 13:27:04: 
2021-07-15 13:27:04: 
2021-07-15 13:27:04:     Remaining tiles: 47
2021-07-15 13:27:04:     --------------------------------------------------
2021-07-15 13:27:04: 
2021-07-15 13:27:05:     [Player 1] draws a tile...
2021-07-15 13:27:07:     [Player 2] draws a tile...
2021-07-15 13:27:09:     [Player 3] draws a tile...
2021-07-15 13:27:10: 
2021-07-15 13:27:11: 
2021-07-15 13:27:11:     Remaining tiles: 43
2021-07-15 13:27:11:     --------------------------------------------------
2021-07-15 13:27:11: 
2021-07-15 13:27:13:     [Player 1] draws a tile...
2021-07-15 13:27:15:     [Player 2] draws a tile...
2021-07-15 13:27:16:     [Player 3] draws a tile...
2021-07-15 13:27:18: 
2021-07-15 13:27:18: 
2021-07-15 13:27:18:     Remaining tiles: 39
2021-07-15 13:27:18:     --------------------------------------------------
2021-07-15 13:27:18: 
2021-07-15 13:27:19:     [Player 1] draws a tile...
2021-07-15 13:27:22:     [Player 2] draws a tile...
2021-07-15 13:27:32:     [Player 3] draws a tile...
2021-07-15 13:27:34: 
2021-07-15 13:27:34: 
2021-07-15 13:27:34:     Remaining tiles: 35
2021-07-15 13:27:34:     --------------------------------------------------
2021-07-15 13:27:34: 
2021-07-15 13:27:36:     [Player 1] draws a tile...
2021-07-15 13:27:37:     [Player 2] draws a tile...
2021-07-15 13:27:39:     [Player 3] draws a tile...
2021-07-15 13:27:41: 
2021-07-15 13:27:41: 
2021-07-15 13:27:41:     Remaining tiles: 31
2021-07-15 13:27:41:     --------------------------------------------------
2021-07-15 13:27:41: 
2021-07-15 13:27:43:     --------------------------------------------------
2021-07-15 13:27:43: 
2021-07-15 13:27:43:     <AGARI ba="0,0" hai="4,10,15,28,31,60,61,62,77,83,84" m="47722" machi="84" ten="30,1000,0" yaku="18,1" doraHai="98" who="3" fromWho="0" sc="250,-10,250,0,276,0,224,10" />
2021-07-15 13:27:43: 
2021-07-15 13:27:43:     --------------------------------------------------
2021-07-15 13:27:46:     --------------------------------------------------
2021-07-15 13:27:46:  
2021-07-15 13:27:46:     [Player 3] draws a tile...
2021-07-15 13:27:51: 
2021-07-15 13:27:51: 
2021-07-15 13:27:51:     Remaining tiles: 68
2021-07-15 13:27:51:     --------------------------------------------------
2021-07-15 13:27:51: 
2021-07-15 13:27:53:     [Player 1] draws a tile...
2021-07-15 13:27:56:     [Player 2] draws a tile...
2021-07-15 13:27:57:     [Player 3] draws a tile...
2021-07-15 13:28:04: 
2021-07-15 13:28:05: 
2021-07-15 13:28:05:     Remaining tiles: 64
2021-07-15 13:28:05:     --------------------------------------------------
2021-07-15 13:28:05: 
2021-07-15 13:28:10: 
2021-07-15 13:28:11:     [Player 1] draws a tile...
2021-07-15 13:28:13:     [Player 2] draws a tile...
2021-07-15 13:28:14:     [Player 3] draws a tile...
2021-07-15 13:28:18: 
2021-07-15 13:28:19: 
2021-07-15 13:28:19:     Remaining tiles: 60
2021-07-15 13:28:19:     --------------------------------------------------
2021-07-15 13:28:19: 
2021-07-15 13:28:20:     [Player 1] draws a tile...
2021-07-15 13:28:24: 
2021-07-15 13:28:25: 
2021-07-15 13:28:25:     Remaining tiles: 58
2021-07-15 13:28:25:     --------------------------------------------------
2021-07-15 13:28:25: 
2021-07-15 13:28:25:     [Player 1] draws a tile...
2021-07-15 13:28:27:     [Player 2] draws a tile...
2021-07-15 13:28:30:     [Player 3] draws a tile...
2021-07-15 13:28:31: 
2021-07-15 13:28:32: 
2021-07-15 13:28:32:     Remaining tiles: 54
2021-07-15 13:28:32:     --------------------------------------------------
2021-07-15 13:28:32: 
2021-07-15 13:28:34:     [Player 1] draws a tile...
2021-07-15 13:28:35:     [Player 2] draws a tile...
2021-07-15 13:28:39:     [Player 3] draws a tile...
2021-07-15 13:28:42: 
2021-07-15 13:28:43: 
2021-07-15 13:28:43:     Remaining tiles: 50
2021-07-15 13:28:43:     --------------------------------------------------
2021-07-15 13:28:43: 
2021-07-15 13:28:43:     [Player 1] draws a tile...
2021-07-15 13:28:50:     [Player 2] draws a tile...
2021-07-15 13:28:52:     [Player 3] draws a tile...
2021-07-15 13:28:55: 
2021-07-15 13:28:56: 
2021-07-15 13:28:56:     Remaining tiles: 46
2021-07-15 13:28:56:     --------------------------------------------------
2021-07-15 13:28:56: 
2021-07-15 13:28:56:     [Player 1] draws a tile...
2021-07-15 13:28:59:     [Player 2] draws a tile...
2021-07-15 13:29:01:     [Player 3] draws a tile...
2021-07-15 13:29:04: 
2021-07-15 13:29:04: 
2021-07-15 13:29:04:     Remaining tiles: 42
2021-07-15 13:29:04:     --------------------------------------------------
2021-07-15 13:29:04: 
2021-07-15 13:29:05:     [Player 1] draws a tile...
2021-07-15 13:29:07:     [Player 2] draws a tile...
2021-07-15 13:29:10:     [Player 3] draws a tile...
2021-07-15 13:29:17: 
2021-07-15 13:29:18: 
2021-07-15 13:29:18:     Remaining tiles: 38
2021-07-15 13:29:18:     --------------------------------------------------
2021-07-15 13:29:18: 
2021-07-15 13:29:18:     [Player 1] draws a tile...
2021-07-15 13:29:21:     [Player 2] draws a tile...
2021-07-15 13:29:23:     [Player 3] draws a tile...
2021-07-15 13:29:25: 
2021-07-15 13:29:25: 
2021-07-15 13:29:25:     Remaining tiles: 34
2021-07-15 13:29:25:     --------------------------------------------------
2021-07-15 13:29:25: 
2021-07-15 13:29:26:     [Player 1] draws a tile...
2021-07-15 13:29:28:     [Player 2] draws a tile...
2021-07-15 13:29:41:     [Player 2] draws a tile...
2021-07-15 13:29:42: 
2021-07-15 13:29:43:     [Player 3] draws a tile...
2021-07-15 13:29:45: 
2021-07-15 13:29:46: 
2021-07-15 13:29:46:     Remaining tiles: 29
2021-07-15 13:29:46:     --------------------------------------------------
2021-07-15 13:29:46: 
2021-07-15 13:29:46:     [Player 1] draws a tile...
2021-07-15 13:29:48:     [Player 2] draws a tile...
2021-07-15 13:29:49:     [Player 3] draws a tile...
2021-07-15 13:29:51: 
2021-07-15 13:29:51: 
2021-07-15 13:29:51:     Remaining tiles: 25
2021-07-15 13:29:51:     --------------------------------------------------
2021-07-15 13:29:51: 
2021-07-15 13:29:53:     --------------------------------------------------
2021-07-15 13:29:53: 
2021-07-15 13:29:53:     <AGARI ba="0,1" hai="10,13,16,28,30,79,80,85,95,98,103,132,134,135" machi="135" ten="40,5200,0" yaku="1,1,20,1,54,1,53,0" doraHai="41" doraHaiUra="49" who="2" fromWho="0" sc="240,-52,250,0,266,62,234,0" />
2021-07-15 13:29:53: 
2021-07-15 13:29:53:     --------------------------------------------------
2021-07-15 13:30:05:     --------------------------------------------------
2021-07-15 13:30:05:  
2021-07-15 13:30:05: 
2021-07-15 13:30:05: 
2021-07-15 13:30:05:     Remaining tiles: 69
2021-07-15 13:30:05:     --------------------------------------------------
2021-07-15 13:30:05: 
2021-07-15 13:30:06:     [Player 1] draws a tile...
2021-07-15 13:30:10:     [Player 2] draws a tile...
2021-07-15 13:30:11:     [Player 3] draws a tile...
2021-07-15 13:30:13: 
2021-07-15 13:30:13: 
2021-07-15 13:30:13:     Remaining tiles: 65
2021-07-15 13:30:13:     --------------------------------------------------
2021-07-15 13:30:13: 
2021-07-15 13:30:14:     [Player 1] draws a tile...
2021-07-15 13:30:17:     [Player 2] draws a tile...
2021-07-15 13:30:18:     [Player 3] draws a tile...
2021-07-15 13:30:19: 
2021-07-15 13:30:20: 
2021-07-15 13:30:20:     Remaining tiles: 61
2021-07-15 13:30:20:     --------------------------------------------------
2021-07-15 13:30:20: 
2021-07-15 13:30:20:     [Player 1] draws a tile...
2021-07-15 13:30:22:     [Player 2] draws a tile...
2021-07-15 13:30:25:     [Player 3] draws a tile...
2021-07-15 13:30:27: 
2021-07-15 13:30:29:     [Player 1] draws a tile...
2021-07-15 13:30:30:     [Player 2] draws a tile...
2021-07-15 13:30:34:     [Player 3] draws a tile...
2021-07-15 13:30:36: 
2021-07-15 13:30:36: 
2021-07-15 13:30:36:     Remaining tiles: 54
2021-07-15 13:30:36:     --------------------------------------------------
2021-07-15 13:30:36: 
2021-07-15 13:30:39:     [Player 1] draws a tile...
2021-07-15 13:30:41:     [Player 2] draws a tile...
2021-07-15 13:30:47:     [Player 3] draws a tile...
2021-07-15 13:30:50: 
2021-07-15 13:30:51: 
2021-07-15 13:30:51:     Remaining tiles: 50
2021-07-15 13:30:51:     --------------------------------------------------
2021-07-15 13:30:51: 
2021-07-15 13:30:51:     [Player 1] draws a tile...
2021-07-15 13:30:54:     [Player 2] draws a tile...
2021-07-15 13:31:01:     [Player 3] draws a tile...
2021-07-15 13:31:04: 
2021-07-15 13:31:04: 
2021-07-15 13:31:04:     Remaining tiles: 46
2021-07-15 13:31:04:     --------------------------------------------------
2021-07-15 13:31:04: 
2021-07-15 13:31:05:     [Player 1] draws a tile...
2021-07-15 13:31:11:     [Player 3] draws a tile...
2021-07-15 13:31:17: 
2021-07-15 13:31:17: 
2021-07-15 13:31:17:     Remaining tiles: 43
2021-07-15 13:31:17:     --------------------------------------------------
2021-07-15 13:31:17: 
2021-07-15 13:31:18:     [Player 1] draws a tile...
2021-07-15 13:31:20:     [Player 2] draws a tile...
2021-07-15 13:31:22:     [Player 3] draws a tile...
2021-07-15 13:31:24: 
2021-07-15 13:31:25: 
2021-07-15 13:31:25:     Remaining tiles: 39
2021-07-15 13:31:25:     --------------------------------------------------
2021-07-15 13:31:25: 
2021-07-15 13:31:25:     [Player 1] draws a tile...
2021-07-15 13:31:36:     [Player 2] draws a tile...
2021-07-15 13:31:37:     [Player 3] draws a tile...
2021-07-15 13:31:38: 
2021-07-15 13:31:39: 
2021-07-15 13:31:39:     Remaining tiles: 35
2021-07-15 13:31:39:     --------------------------------------------------
2021-07-15 13:31:39: 
2021-07-15 13:31:40:     [Player 1] draws a tile...
2021-07-15 13:31:43:     [Player 2] draws a tile...
2021-07-15 13:31:44:     [Player 3] draws a tile...
2021-07-15 13:31:46: 
2021-07-15 13:31:47: 
2021-07-15 13:31:47:     Remaining tiles: 31
2021-07-15 13:31:47:     --------------------------------------------------
2021-07-15 13:31:47: 
2021-07-15 13:31:49:     --------------------------------------------------
2021-07-15 13:31:49: 
2021-07-15 13:31:49:     <AGARI ba="0,0" hai="14,15,21,27,29,51,53,57,59,63,65" m="48683" machi="29" ten="30,1000,0" yaku="18,1" doraHai="30" who="2" fromWho="0" sc="188,-10,250,0,328,10,234,0" owari="178,-32.0,250,5.0,338,44.0,234,-17.0" />
2021-07-15 13:31:49: 
2021-07-15 13:31:49:     --------------------------------------------------
2021-07-15 13:31:51:     --------------------------------------------------
2021-07-15 13:31:51:     Game End
2021-07-15 13:31:51: 
