2021-07-15 00:10:47:     User(ID044813EF-4dCn98J3) was authenticated successfully
2021-07-15 00:10:50:     Game type = "Red bonus tile" : True, "Open tanyao" : True, "Game  length" : tonpusen
2021-07-15 00:10:50:     A new game started!
2021-07-15 00:10:50:     The replay link can be found here: http://tenhou.net/0/?log=2021071423gm-0001-0000-c075dee9&tw=2
2021-07-15 00:10:51:     --------------------------------------------------
2021-07-15 00:10:51:  
2021-07-15 00:10:51:     [Player 2] draws a tile...
2021-07-15 00:10:56:     [Player 3] draws a tile...
2021-07-15 00:11:00: 
2021-07-15 00:11:00: 
2021-07-15 00:11:00:     Remaining tiles: 67
2021-07-15 00:11:00:     --------------------------------------------------
2021-07-15 00:11:00: 
2021-07-15 00:11:01:     [Player 1] draws a tile...
2021-07-15 00:11:06:     [Player 2] draws a tile...
2021-07-15 00:11:10:     [Player 3] draws a tile...
2021-07-15 00:11:12: 
2021-07-15 00:11:12: 
2021-07-15 00:11:12:     Remaining tiles: 63
2021-07-15 00:11:12:     --------------------------------------------------
2021-07-15 00:11:12: 
2021-07-15 00:11:13:     [Player 1] draws a tile...
2021-07-15 00:11:17:     [Player 2] draws a tile...
2021-07-15 00:11:21:     [Player 3] draws a tile...
2021-07-15 00:11:23: 
2021-07-15 00:11:24: 
2021-07-15 00:11:24:     Remaining tiles: 59
2021-07-15 00:11:24:     --------------------------------------------------
2021-07-15 00:11:24: 
2021-07-15 00:11:24:     [Player 1] draws a tile...
2021-07-15 00:11:27:     [Player 2] draws a tile...
2021-07-15 00:11:29:     [Player 3] draws a tile...
2021-07-15 00:11:31: 
2021-07-15 00:11:32: 
2021-07-15 00:11:32:     Remaining tiles: 55
2021-07-15 00:11:32:     --------------------------------------------------
2021-07-15 00:11:32: 
2021-07-15 00:11:34:     [Player 1] draws a tile...
2021-07-15 00:11:41:     [Player 2] draws a tile...
2021-07-15 00:11:45:     [Player 3] draws a tile...
2021-07-15 00:11:46: 
2021-07-15 00:11:46: 
2021-07-15 00:11:46:     Remaining tiles: 51
2021-07-15 00:11:46:     --------------------------------------------------
2021-07-15 00:11:46: 
2021-07-15 00:11:49: 
2021-07-15 00:11:50: 
2021-07-15 00:11:50:     Remaining tiles: 50
2021-07-15 00:11:50:     --------------------------------------------------
2021-07-15 00:11:50: 
2021-07-15 00:11:50:     [Player 1] draws a tile...
2021-07-15 00:11:52:     [Player 2] draws a tile...
2021-07-15 00:12:00: 
2021-07-15 00:12:00: 
2021-07-15 00:12:00:     Remaining tiles: 47
2021-07-15 00:12:00:     --------------------------------------------------
2021-07-15 00:12:00: 
2021-07-15 00:12:01:     [Player 1] draws a tile...
2021-07-15 00:12:03:     [Player 2] draws a tile...
2021-07-15 00:12:07:     [Player 3] draws a tile...
2021-07-15 00:12:08: 
2021-07-15 00:12:08: 
2021-07-15 00:12:08:     Remaining tiles: 43
2021-07-15 00:12:08:     --------------------------------------------------
2021-07-15 00:12:08: 
2021-07-15 00:12:09:     [Player 1] draws a tile...
2021-07-15 00:12:12:     [Player 2] draws a tile...
2021-07-15 00:12:24: 
2021-07-15 00:12:24: 
2021-07-15 00:12:24:     Remaining tiles: 40
2021-07-15 00:12:24:     --------------------------------------------------
2021-07-15 00:12:24: 
2021-07-15 00:12:25:     [Player 1] draws a tile...
2021-07-15 00:12:28: 
2021-07-15 00:12:29:     [Player 1] draws a tile...
2021-07-15 00:12:36:     [Player 2] draws a tile...
2021-07-15 00:12:36:     [Player 3] draws a tile...
2021-07-15 00:12:39:     --------------------------------------------------
2021-07-15 00:12:39: 
2021-07-15 00:12:39:     <AGARI ba="0,0" hai="16,20,25,96,98" m="19467,52311,50697" machi="25" ten="30,2000,0" yaku="20,1,54,1" doraHai="114" who="3" fromWho="3" sc="250,-5,250,-5,250,-10,250,20" />
2021-07-15 00:12:39: Unexpected exception
Traceback (most recent call last):
  File "c:\Users\chenq\Desktop\Mahjong\Mahjong AI\MahjongAI\main.py", line 17, in connect_and_play
    return client.start_game()
  File "c:\Users\chenq\Desktop\Mahjong\Mahjong AI\MahjongAI\client\tenhou_client.py", line 146, in start_game
    '<AGARI' in msg and self._handle_round_end(msg)
  File "c:\Users\chenq\Desktop\Mahjong\Mahjong AI\MahjongAI\client\tenhou_client.py", line 404, in _handle_round_end
    self._round_end_info_to_file(res_str)
  File "c:\Users\chenq\Desktop\Mahjong\Mahjong AI\MahjongAI\client\tenhou_client.py", line 748, in _round_end_info_to_file
    self.logger_obj.add_round_end_result(msg)
  File "c:\Users\chenq\Desktop\Mahjong\Mahjong AI\MahjongAI\logger\logger_handler.py", line 57, in add_round_end_result
    open(self.scores_path, 'a').write(msg)
  File "C:\Users\chenq\AppData\Local\Programs\Python\Python38-32\lib\encodings\cp1252.py", line 19, in encode
    return codecs.charmap_encode(input,self.errors,encoding_table)[0]
UnicodeEncodeError: 'charmap' codec can't encode character '\U0001f00d' in position 80: character maps to <undefined>
2021-07-15 00:12:39: End the game...
2021-07-15 00:12:39:     Game was ended unexpected
2021-07-15 00:12:39: 
