2021-07-12 18:37:01:     User(ID044813EF-4dCn98J3) was authenticated successfully
2021-07-12 18:37:03:     Game type = "Red bonus tile" : True, "Open tanyao" : True, "Game  length" : tonpusen
2021-07-12 18:37:03:     A new game started!
2021-07-12 18:37:03:     The replay link can be found here: http://tenhou.net/0/?log=2021071217gm-0001-0000-d3ad8161&tw=3
2021-07-12 18:37:12:     --------------------------------------------------
2021-07-12 18:37:12:  
2021-07-12 18:37:12:     [Player 1] draws a tile...
2021-07-12 18:37:32:     [Player 2] draws a tile...
2021-07-12 18:37:34:     [Player 3] draws a tile...
2021-07-12 18:37:36: 
2021-07-12 18:37:36: 
2021-07-12 18:37:36:     Remaining tiles: 66
2021-07-12 18:37:36:     --------------------------------------------------
2021-07-12 18:37:36: 
2021-07-12 18:37:37:     [Player 1] draws a tile...
2021-07-12 18:37:37:     [Player 2] draws a tile...
2021-07-12 18:37:40:     [Player 1] draws a tile...
2021-07-12 18:37:40:     [Player 3] draws a tile...
2021-07-12 18:37:43: 
2021-07-12 18:37:44: 
2021-07-12 18:37:44:     Remaining tiles: 62
2021-07-12 18:37:44:     --------------------------------------------------
2021-07-12 18:37:44: 
2021-07-12 18:37:44:     [Player 1] draws a tile...
2021-07-12 18:37:47:     [Player 2] draws a tile...
2021-07-12 18:37:51:     [Player 3] draws a tile...
2021-07-12 18:37:54: 
2021-07-12 18:37:55: 
2021-07-12 18:37:55:     Remaining tiles: 58
2021-07-12 18:37:55:     --------------------------------------------------
2021-07-12 18:37:55: 
2021-07-12 18:37:55:     [Player 1] draws a tile...
2021-07-12 18:37:59:     [Player 2] draws a tile...
2021-07-12 18:38:02:     [Player 3] draws a tile...
2021-07-12 18:38:04: 
2021-07-12 18:38:05: 
2021-07-12 18:38:05:     Remaining tiles: 54
2021-07-12 18:38:05:     --------------------------------------------------
2021-07-12 18:38:05: 
2021-07-12 18:38:06:     [Player 1] draws a tile...
2021-07-12 18:38:08:     [Player 2] draws a tile...
2021-07-12 18:38:10:     [Player 3] draws a tile...
2021-07-12 18:38:15: 
2021-07-12 18:38:16: 
2021-07-12 18:38:17: 
2021-07-12 18:38:17:     Remaining tiles: 50
2021-07-12 18:38:17:     --------------------------------------------------
2021-07-12 18:38:17: 
2021-07-12 18:38:21:     [Player 1] draws a tile...
2021-07-12 18:38:34:     [Player 2] draws a tile...
2021-07-12 18:38:39:     [Player 3] draws a tile...
2021-07-12 18:38:39: 
2021-07-12 18:38:40: 
2021-07-12 18:38:40:     Remaining tiles: 46
2021-07-12 18:38:40:     --------------------------------------------------
2021-07-12 18:38:40: 
2021-07-12 18:38:41:     [Player 1] draws a tile...
2021-07-12 18:38:48:     [Player 2] draws a tile...
2021-07-12 18:38:50:     [Player 3] draws a tile...
2021-07-12 18:38:51: 
2021-07-12 18:38:51: 
2021-07-12 18:38:51:     Remaining tiles: 42
2021-07-12 18:38:51:     --------------------------------------------------
2021-07-12 18:38:51: 
2021-07-12 18:38:52:     [Player 1] draws a tile...
2021-07-12 18:38:58:     [Player 2] draws a tile...
2021-07-12 18:39:00:     [Player 3] draws a tile...
2021-07-12 18:39:01: 
2021-07-12 18:39:02: 
2021-07-12 18:39:02:     Remaining tiles: 38
2021-07-12 18:39:02:     --------------------------------------------------
2021-07-12 18:39:02: 
2021-07-12 18:39:06:     [Player 1] draws a tile...
2021-07-12 18:39:08:     [Player 2] draws a tile...
2021-07-12 18:39:15:     [Player 3] draws a tile...
2021-07-12 18:39:15: 
2021-07-12 18:39:16: 
2021-07-12 18:39:16:     Remaining tiles: 34
2021-07-12 18:39:16:     --------------------------------------------------
2021-07-12 18:39:16: 
2021-07-12 18:39:16:     [Player 1] draws a tile...
2021-07-12 18:39:20:     [Player 2] draws a tile...
2021-07-12 18:39:22:     [Player 3] draws a tile...
2021-07-12 18:39:26:     [Player 3] draws a tile...
2021-07-12 18:39:28: 
2021-07-12 18:39:28:     [Player 1] draws a tile...
2021-07-12 18:39:33:     [Player 2] draws a tile...
2021-07-12 18:39:35:     [Player 3] draws a tile...
2021-07-12 18:39:37: 
2021-07-12 18:39:40:     [Player 3] draws a tile...
2021-07-12 18:39:41: 
2021-07-12 18:39:41: 
2021-07-12 18:39:41:     Remaining tiles: 26
2021-07-12 18:39:41:     --------------------------------------------------
2021-07-12 18:39:41: 
2021-07-12 18:39:46:     [Player 1] draws a tile...
2021-07-12 18:39:49:     [Player 2] draws a tile...
2021-07-12 18:39:51:     [Player 3] draws a tile...
2021-07-12 18:39:52: 
2021-07-12 18:39:53: 
2021-07-12 18:39:53:     Remaining tiles: 22
2021-07-12 18:39:53:     --------------------------------------------------
2021-07-12 18:39:53: 
2021-07-12 18:39:55:     --------------------------------------------------
2021-07-12 18:39:55: 
2021-07-12 18:39:55:     <AGARI ba="0,1" hai="2,6,8,37,38,39,40,42,43,74,77,83,89,91" machi="83" ten="50,3200,0" yaku="1,1,53,1" doraHai="31" doraHaiUra="106" who="3" fromWho="0" sc="250,-32,250,0,250,0,240,42" />
2021-07-12 18:39:55: Unexpected exception
Traceback (most recent call last):
  File "c:\Users\chenq\Desktop\Mahjong\Mahjong AI\MahjongAI\main.py", line 17, in connect_and_play
    return client.start_game()
  File "c:\Users\chenq\Desktop\Mahjong\Mahjong AI\MahjongAI\client\tenhou_client.py", line 146, in start_game
    '<AGARI' in msg and self._handle_round_end(msg)
  File "c:\Users\chenq\Desktop\Mahjong\Mahjong AI\MahjongAI\client\tenhou_client.py", line 404, in _handle_round_end
    self._round_end_info_to_file(res_str)
  File "c:\Users\chenq\Desktop\Mahjong\Mahjong AI\MahjongAI\client\tenhou_client.py", line 748, in _round_end_info_to_file
    self.logger_obj.add_round_end_result(msg)
  File "c:\Users\chenq\Desktop\Mahjong\Mahjong AI\MahjongAI\logger\logger_handler.py", line 57, in add_round_end_result
    open(self.scores_path, 'a').write(msg)
  File "C:\Users\chenq\AppData\Local\Programs\Python\Python38-32\lib\encodings\cp1252.py", line 19, in encode
    return codecs.charmap_encode(input,self.errors,encoding_table)[0]
UnicodeEncodeError: 'charmap' codec can't encode character '\U0001f012' in position 89: character maps to <undefined>
2021-07-12 18:39:55: End the game...
2021-07-12 18:39:55:     Game was ended unexpected
2021-07-12 18:39:55: 
