2021-07-12 19:01:27:     User(ID044813EF-4dCn98J3) was authenticated successfully
2021-07-12 19:01:48:     Game type = "Red bonus tile" : True, "Open tanyao" : True, "Game  length" : tonpusen
2021-07-12 19:01:48:     A new game started!
2021-07-12 19:01:48:     The replay link can be found here: http://tenhou.net/0/?log=2021071218gm-0001-0000-9d661a13&tw=2
2021-07-12 19:01:59:     --------------------------------------------------
2021-07-12 19:01:59:  
2021-07-12 19:01:59:     [Player 2] draws a tile...
2021-07-12 19:02:06:     [Player 3] draws a tile...
2021-07-12 19:02:08: 
2021-07-12 19:02:09: 
2021-07-12 19:02:09:     Remaining tiles: 67
2021-07-12 19:02:09:     --------------------------------------------------
2021-07-12 19:02:09: 
2021-07-12 19:02:09:     [Player 1] draws a tile...
2021-07-12 19:02:13:     [Player 2] draws a tile...
2021-07-12 19:02:15:     [Player 3] draws a tile...
2021-07-12 19:02:17: 
2021-07-12 19:02:18: 
2021-07-12 19:02:18:     Remaining tiles: 63
2021-07-12 19:02:18:     --------------------------------------------------
2021-07-12 19:02:18: 
2021-07-12 19:02:18:     [Player 1] draws a tile...
2021-07-12 19:02:22:     [Player 2] draws a tile...
2021-07-12 19:02:27:     [Player 3] draws a tile...
2021-07-12 19:02:33: 
2021-07-12 19:02:33: 
2021-07-12 19:02:33:     Remaining tiles: 59
2021-07-12 19:02:33:     --------------------------------------------------
2021-07-12 19:02:33: 
2021-07-12 19:02:40:     [Player 3] draws a tile...
2021-07-12 19:02:41: 
2021-07-12 19:02:42: 
2021-07-12 19:02:42:     Remaining tiles: 57
2021-07-12 19:02:42:     --------------------------------------------------
2021-07-12 19:02:42: 
2021-07-12 19:02:42:     [Player 1] draws a tile...
2021-07-12 19:02:46:     [Player 2] draws a tile...
2021-07-12 19:02:48:     [Player 3] draws a tile...
2021-07-12 19:02:51: 
2021-07-12 19:02:52: 
2021-07-12 19:02:52:     Remaining tiles: 53
2021-07-12 19:02:52:     --------------------------------------------------
2021-07-12 19:02:52: 
2021-07-12 19:02:54:     [Player 1] draws a tile...
2021-07-12 19:02:56:     [Player 2] draws a tile...
2021-07-12 19:02:58:     [Player 3] draws a tile...
2021-07-12 19:03:00: 
2021-07-12 19:03:01: 
2021-07-12 19:03:01:     Remaining tiles: 49
2021-07-12 19:03:01:     --------------------------------------------------
2021-07-12 19:03:01: 
2021-07-12 19:03:01:     [Player 1] draws a tile...
2021-07-12 19:03:04:     [Player 2] draws a tile...
2021-07-12 19:03:05:     [Player 3] draws a tile...
2021-07-12 19:03:08: 
2021-07-12 19:03:09: 
2021-07-12 19:03:10: 
2021-07-12 19:03:10:     Remaining tiles: 45
2021-07-12 19:03:10:     --------------------------------------------------
2021-07-12 19:03:10: 
2021-07-12 19:03:12:     --------------------------------------------------
2021-07-12 19:03:12: 
2021-07-12 19:03:12:     <AGARI ba="0,1" hai="1,7,9,25,31,32,39,40,46,53,54,87,90,95" machi="9" ten="40,8000,1" yaku="1,1,2,1,52,1,53,1" doraHai="91" doraHaiUra="81" who="3" fromWho="0" sc="250,-80,250,0,250,0,240,90" />
2021-07-12 19:03:12: Unexpected exception
Traceback (most recent call last):
  File "c:\Users\chenq\Desktop\Mahjong\Mahjong AI\MahjongAI\main.py", line 17, in connect_and_play
    return client.start_game()
  File "c:\Users\chenq\Desktop\Mahjong\Mahjong AI\MahjongAI\client\tenhou_client.py", line 146, in start_game
    '<AGARI' in msg and self._handle_round_end(msg)
  File "c:\Users\chenq\Desktop\Mahjong\Mahjong AI\MahjongAI\client\tenhou_client.py", line 404, in _handle_round_end
    self._round_end_info_to_file(res_str)
  File "c:\Users\chenq\Desktop\Mahjong\Mahjong AI\MahjongAI\client\tenhou_client.py", line 748, in _round_end_info_to_file
    self.logger_obj.add_round_end_result(msg)
  File "c:\Users\chenq\Desktop\Mahjong\Mahjong AI\MahjongAI\logger\logger_handler.py", line 57, in add_round_end_result
    open(self.scores_path, 'a').write(msg)
  File "C:\Users\chenq\AppData\Local\Programs\Python\Python38-32\lib\encodings\cp1252.py", line 19, in encode
    return codecs.charmap_encode(input,self.errors,encoding_table)[0]
UnicodeEncodeError: 'charmap' codec can't encode character '\U0001f009' in position 87: character maps to <undefined>
2021-07-12 19:03:12: End the game...
2021-07-12 19:03:12:     Game was ended unexpected
2021-07-12 19:03:12: 
