2021-07-12 20:49:50:     User(ID044813EF-4dCn98J3) was authenticated successfully
2021-07-12 20:49:52:     Game type = "Red bonus tile" : True, "Open tanyao" : True, "Game  length" : tonpusen
2021-07-12 20:49:52:     A new game started!
2021-07-12 20:49:52:     The replay link can be found here: http://tenhou.net/0/?log=2021071219gm-0001-0000-3fc4bdd9&tw=2
2021-07-12 20:49:55:     --------------------------------------------------
2021-07-12 20:49:55:  
2021-07-12 20:49:55:     [Player 2] draws a tile...
2021-07-12 20:50:02:     [Player 3] draws a tile...
2021-07-12 20:50:07: 
2021-07-12 20:50:07:     [Player 1] draws a tile...
2021-07-12 20:50:09:     [Player 2] draws a tile...
2021-07-12 20:50:11: 
2021-07-12 20:50:11:     [Player 1] draws a tile...
2021-07-12 20:50:13:     [Player 2] draws a tile...
2021-07-12 20:50:23:     [Player 3] draws a tile...
2021-07-12 20:50:25: 
2021-07-12 20:50:26: 
2021-07-12 20:50:27: 
2021-07-12 20:50:27:     Remaining tiles: 62
2021-07-12 20:50:27:     --------------------------------------------------
2021-07-12 20:50:27: 
2021-07-12 20:50:27:     [Player 1] draws a tile...
2021-07-12 20:50:33: 
2021-07-12 20:50:34: 
2021-07-12 20:50:34:     Remaining tiles: 60
2021-07-12 20:50:34:     --------------------------------------------------
2021-07-12 20:50:34: 
2021-07-12 20:50:37:     [Player 2] draws a tile...
2021-07-12 20:50:47: 
2021-07-12 20:50:47: 
2021-07-12 20:50:47:     Remaining tiles: 58
2021-07-12 20:50:47:     --------------------------------------------------
2021-07-12 20:50:47: 
2021-07-12 20:50:51:     [Player 2] draws a tile...
2021-07-12 20:50:53:     [Player 3] draws a tile...
2021-07-12 20:50:55: 
2021-07-12 20:50:55: 
2021-07-12 20:50:55:     Remaining tiles: 55
2021-07-12 20:50:55:     --------------------------------------------------
2021-07-12 20:50:55: 
2021-07-12 20:50:58:     [Player 2] draws a tile...
2021-07-12 20:51:02:     [Player 3] draws a tile...
2021-07-12 20:51:05: 
2021-07-12 20:51:05: 
2021-07-12 20:51:05:     Remaining tiles: 52
2021-07-12 20:51:05:     --------------------------------------------------
2021-07-12 20:51:05: 
2021-07-12 20:51:08:     [Player 1] draws a tile...
2021-07-12 20:51:09:     [Player 2] draws a tile...
2021-07-12 20:51:11:     [Player 3] draws a tile...
2021-07-12 20:51:19: 
2021-07-12 20:51:20: 
2021-07-12 20:51:20:     Remaining tiles: 48
2021-07-12 20:51:20:     --------------------------------------------------
2021-07-12 20:51:20: 
2021-07-12 20:51:20:     [Player 1] draws a tile...
2021-07-12 20:51:23:     [Player 2] draws a tile...
2021-07-12 20:51:25:     [Player 3] draws a tile...
2021-07-12 20:51:28: 
2021-07-12 20:51:28: 
2021-07-12 20:51:28:     Remaining tiles: 44
2021-07-12 20:51:28:     --------------------------------------------------
2021-07-12 20:51:28: 
2021-07-12 20:51:29:     [Player 1] draws a tile...
2021-07-12 20:51:32:     [Player 2] draws a tile...
2021-07-12 20:51:34:     [Player 3] draws a tile...
2021-07-12 20:51:38: 
2021-07-12 20:51:39: 
2021-07-12 20:51:39:     Remaining tiles: 40
2021-07-12 20:51:39:     --------------------------------------------------
2021-07-12 20:51:39: 
2021-07-12 20:51:39:     [Player 1] draws a tile...
2021-07-12 20:51:42:     [Player 2] draws a tile...
2021-07-12 20:51:44:     [Player 3] draws a tile...
2021-07-12 20:51:46: 
2021-07-12 20:51:46: 
2021-07-12 20:51:46:     Remaining tiles: 36
2021-07-12 20:51:46:     --------------------------------------------------
2021-07-12 20:51:46: 
2021-07-12 20:51:47:     [Player 1] draws a tile...
2021-07-12 20:51:48:     [Player 2] draws a tile...
2021-07-12 20:51:51: 
2021-07-12 20:51:52:     [Player 3] draws a tile...
2021-07-12 20:51:56: 
2021-07-12 20:51:57: 
2021-07-12 20:51:57:     Remaining tiles: 32
2021-07-12 20:51:57:     --------------------------------------------------
2021-07-12 20:51:57: 
2021-07-12 20:51:57:     [Player 1] draws a tile...
2021-07-12 20:51:59:     [Player 2] draws a tile...
2021-07-12 20:52:00:     [Player 3] draws a tile...
2021-07-12 20:52:02: 
2021-07-12 20:52:03: 
2021-07-12 20:52:03:     Remaining tiles: 28
2021-07-12 20:52:03:     --------------------------------------------------
2021-07-12 20:52:03: 
2021-07-12 20:52:04:     [Player 1] draws a tile...
2021-07-12 20:52:05:     [Player 2] draws a tile...
2021-07-12 20:52:07:     [Player 3] draws a tile...
2021-07-12 20:52:09: 
2021-07-12 20:52:10: 
2021-07-12 20:52:10:     Remaining tiles: 24
2021-07-12 20:52:10:     --------------------------------------------------
2021-07-12 20:52:10: 
2021-07-12 20:52:10:     [Player 1] draws a tile...
2021-07-12 20:52:12:     [Player 2] draws a tile...
2021-07-12 20:52:15:     --------------------------------------------------
2021-07-12 20:52:15: 
2021-07-12 20:52:15:     <AGARI ba="0,1" hai="6,8,15,38,41,44,53,58,61,76,79,88,94,97" machi="15" ten="20,18000,2" yaku="1,1,0,1,7,1,52,2,54,1,53,0" doraHai="54,50" doraHaiUra="122,107" who="2" fromWho="2" sc="250,-60,250,-60,240,190,250,-60" />
2021-07-12 20:52:15: Unexpected exception
Traceback (most recent call last):
  File "c:\Users\chenq\Desktop\Mahjong\Mahjong AI\MahjongAI\main.py", line 17, in connect_and_play
    return client.start_game()
  File "c:\Users\chenq\Desktop\Mahjong\Mahjong AI\MahjongAI\client\tenhou_client.py", line 146, in start_game
    '<AGARI' in msg and self._handle_round_end(msg)
  File "c:\Users\chenq\Desktop\Mahjong\Mahjong AI\MahjongAI\client\tenhou_client.py", line 404, in _handle_round_end
    self._round_end_info_to_file(res_str)
  File "c:\Users\chenq\Desktop\Mahjong\Mahjong AI\MahjongAI\client\tenhou_client.py", line 748, in _round_end_info_to_file
    self.logger_obj.add_round_end_result(msg)
  File "c:\Users\chenq\Desktop\Mahjong\Mahjong AI\MahjongAI\logger\logger_handler.py", line 57, in add_round_end_result
    open(self.scores_path, 'a').write(msg)
  File "C:\Users\chenq\AppData\Local\Programs\Python\Python38-32\lib\encodings\cp1252.py", line 19, in encode
    return codecs.charmap_encode(input,self.errors,encoding_table)[0]
UnicodeEncodeError: 'charmap' codec can't encode character '\U0001f00a' in position 97: character maps to <undefined>
2021-07-12 20:52:15: End the game...
2021-07-12 20:52:16:     Game was ended unexpected
2021-07-12 20:52:16: 
