2021-07-14 23:58:16:     Reconnected successfully!
2021-07-14 23:58:16:     Game type = "Red bonus tile" : True, "Open tanyao" : True, "Game  length" : tonpusen
2021-07-14 23:58:16:     Reconnected. Resuming game state...
2021-07-14 23:58:18:     --------------------------------------------------
2021-07-14 23:58:18:  
2021-07-14 23:58:24: 
2021-07-14 23:58:24: 
2021-07-14 23:58:24:     Remaining tiles: 68
2021-07-14 23:58:24:     --------------------------------------------------
2021-07-14 23:58:24: 
2021-07-14 23:58:25:     [Player 1] draws a tile...
2021-07-14 23:58:28:     [Player 2] draws a tile...
2021-07-14 23:58:29:     [Player 3] draws a tile...
2021-07-14 23:58:30: 
2021-07-14 23:58:31: 
2021-07-14 23:58:31:     Remaining tiles: 64
2021-07-14 23:58:31:     --------------------------------------------------
2021-07-14 23:58:31: 
2021-07-14 23:58:32:     [Player 1] draws a tile...
2021-07-14 23:58:33:     [Player 2] draws a tile...
2021-07-14 23:58:36:     [Player 3] draws a tile...
2021-07-14 23:58:40: 
2021-07-14 23:58:41: 
2021-07-14 23:58:41:     Remaining tiles: 60
2021-07-14 23:58:41:     --------------------------------------------------
2021-07-14 23:58:41: 
2021-07-14 23:58:44:     [Player 1] draws a tile...
2021-07-14 23:58:46:     [Player 2] draws a tile...
2021-07-14 23:58:47:     [Player 3] draws a tile...
2021-07-14 23:58:53: 
2021-07-14 23:58:53: 
2021-07-14 23:58:53:     Remaining tiles: 56
2021-07-14 23:58:53:     --------------------------------------------------
2021-07-14 23:58:53: 
2021-07-14 23:58:55:     [Player 1] draws a tile...
2021-07-14 23:58:58:     [Player 2] draws a tile...
2021-07-14 23:59:00:     [Player 3] draws a tile...
2021-07-14 23:59:03: 
2021-07-14 23:59:04: 
2021-07-14 23:59:04:     Remaining tiles: 52
2021-07-14 23:59:04:     --------------------------------------------------
2021-07-14 23:59:04: 
2021-07-14 23:59:06:     [Player 1] draws a tile...
2021-07-14 23:59:09:     [Player 2] draws a tile...
2021-07-14 23:59:12:     [Player 3] draws a tile...
2021-07-14 23:59:16: 
2021-07-14 23:59:16: 
2021-07-14 23:59:16:     Remaining tiles: 48
2021-07-14 23:59:16:     --------------------------------------------------
2021-07-14 23:59:16: 
2021-07-14 23:59:19:     [Player 1] draws a tile...
2021-07-14 23:59:30: 
2021-07-14 23:59:31: 
2021-07-14 23:59:31:     Remaining tiles: 46
2021-07-14 23:59:31:     --------------------------------------------------
2021-07-14 23:59:31: 
2021-07-14 23:59:35:     [Player 1] draws a tile...
2021-07-14 23:59:46:     [Player 2] draws a tile...
2021-07-14 23:59:48:     [Player 3] draws a tile...
2021-07-14 23:59:51: 
2021-07-14 23:59:52: 
2021-07-14 23:59:52:     Remaining tiles: 42
2021-07-14 23:59:52:     --------------------------------------------------
2021-07-14 23:59:52: 
2021-07-15 00:00:23: Socket connection might be shut down... 31s
2021-07-15 00:00:23:     Game was ended unexpected
2021-07-15 00:00:23: 
