2021-07-14 23:53:42:     User(ID044813EF-4dCn98J3) was authenticated successfully
2021-07-14 23:53:42:     Game type = "Red bonus tile" : True, "Open tanyao" : True, "Game  length" : tonpusen
2021-07-14 23:53:42:     A new game started!
2021-07-14 23:53:42:     The replay link can be found here: http://tenhou.net/0/?log=2021071422gm-0001-0000-e7f86b6a&tw=2
2021-07-14 23:53:45:     --------------------------------------------------
2021-07-14 23:53:45:  
2021-07-14 23:53:45:     [Player 2] draws a tile...
2021-07-14 23:53:52:     [Player 3] draws a tile...
2021-07-14 23:53:53: 
2021-07-14 23:53:54: 
2021-07-14 23:53:54:     Remaining tiles: 67
2021-07-14 23:53:54:     --------------------------------------------------
2021-07-14 23:53:54: 
2021-07-14 23:53:54:     [Player 1] draws a tile...
2021-07-14 23:53:58:     [Player 2] draws a tile...
2021-07-14 23:54:01:     [Player 3] draws a tile...
2021-07-14 23:54:01: 
2021-07-14 23:54:02: 
2021-07-14 23:54:02:     Remaining tiles: 63
2021-07-14 23:54:02:     --------------------------------------------------
2021-07-14 23:54:02: 
2021-07-14 23:54:03:     [Player 1] draws a tile...
2021-07-14 23:54:04:     [Player 2] draws a tile...
2021-07-14 23:54:07:     [Player 3] draws a tile...
2021-07-14 23:54:09: 
2021-07-14 23:54:10: 
2021-07-14 23:54:10:     Remaining tiles: 59
2021-07-14 23:54:10:     --------------------------------------------------
2021-07-14 23:54:10: 
2021-07-14 23:54:10:     [Player 1] draws a tile...
2021-07-14 23:54:12:     [Player 2] draws a tile...
2021-07-14 23:54:15:     [Player 3] draws a tile...
2021-07-14 23:54:16: 
2021-07-14 23:54:17: 
2021-07-14 23:54:17:     Remaining tiles: 55
2021-07-14 23:54:17:     --------------------------------------------------
2021-07-14 23:54:17: 
2021-07-14 23:54:17:     [Player 1] draws a tile...
2021-07-14 23:54:19:     [Player 2] draws a tile...
2021-07-14 23:54:20:     [Player 3] draws a tile...
2021-07-14 23:54:27: 
2021-07-14 23:54:27:     [Player 1] draws a tile...
2021-07-14 23:54:29:     [Player 2] draws a tile...
2021-07-14 23:54:30:     [Player 3] draws a tile...
2021-07-14 23:54:38: 
2021-07-14 23:54:41:     [Player 1] draws a tile...
2021-07-14 23:54:43:     [Player 2] draws a tile...
2021-07-14 23:54:44:     [Player 3] draws a tile...
2021-07-14 23:54:50: 
2021-07-14 23:54:50: 
2021-07-14 23:54:50:     Remaining tiles: 45
2021-07-14 23:54:50:     --------------------------------------------------
2021-07-14 23:54:50: 
2021-07-14 23:54:51:     [Player 1] draws a tile...
2021-07-14 23:54:52:     [Player 2] draws a tile...
2021-07-14 23:55:01:     [Player 3] draws a tile...
2021-07-14 23:55:04: 
2021-07-14 23:55:05: 
2021-07-14 23:55:05:     Remaining tiles: 41
2021-07-14 23:55:05:     --------------------------------------------------
2021-07-14 23:55:05: 
2021-07-14 23:55:05:     [Player 1] draws a tile...
2021-07-14 23:55:07:     [Player 2] draws a tile...
2021-07-14 23:55:08:     [Player 3] draws a tile...
2021-07-14 23:55:11: 
2021-07-14 23:55:11: 
2021-07-14 23:55:11:     Remaining tiles: 37
2021-07-14 23:55:11:     --------------------------------------------------
2021-07-14 23:55:11: 
2021-07-14 23:55:12:     [Player 1] draws a tile...
2021-07-14 23:55:15:     [Player 2] draws a tile...
2021-07-14 23:55:24:     [Player 3] draws a tile...
2021-07-14 23:55:27: 
2021-07-14 23:55:27: 
2021-07-14 23:55:27:     Remaining tiles: 33
2021-07-14 23:55:27:     --------------------------------------------------
2021-07-14 23:55:27: 
2021-07-14 23:55:39: 
2021-07-14 23:55:39: 
2021-07-14 23:55:39:     Remaining tiles: 32
2021-07-14 23:55:39:     --------------------------------------------------
2021-07-14 23:55:39: 
2021-07-14 23:55:40:     [Player 1] draws a tile...
2021-07-14 23:55:42:     [Player 2] draws a tile...
2021-07-14 23:55:44:     [Player 3] draws a tile...
2021-07-14 23:55:48:     --------------------------------------------------
2021-07-14 23:55:48: 
2021-07-14 23:55:48:     <AGARI ba="0,0" hai="76,77,78,84,86,87,120,121,129,130,131" m="40010" machi="76" ten="40,12000,1" yaku="28,2,19,1,34,2" doraHai="98" who="2" fromWho="3" sc="250,0,250,0,250,120,250,-120" />
2021-07-14 23:55:48: Unexpected exception
Traceback (most recent call last):
  File "c:\Users\chenq\Desktop\Mahjong\Mahjong AI\MahjongAI\main.py", line 17, in connect_and_play
    return client.start_game()
  File "c:\Users\chenq\Desktop\Mahjong\Mahjong AI\MahjongAI\client\tenhou_client.py", line 146, in start_game
    '<AGARI' in msg and self._handle_round_end(msg)
  File "c:\Users\chenq\Desktop\Mahjong\Mahjong AI\MahjongAI\client\tenhou_client.py", line 404, in _handle_round_end
    self._round_end_info_to_file(res_str)
  File "c:\Users\chenq\Desktop\Mahjong\Mahjong AI\MahjongAI\client\tenhou_client.py", line 748, in _round_end_info_to_file
    self.logger_obj.add_round_end_result(msg)
  File "c:\Users\chenq\Desktop\Mahjong\Mahjong AI\MahjongAI\logger\logger_handler.py", line 57, in add_round_end_result
    open(self.scores_path, 'a').write(msg)
  File "C:\Users\chenq\AppData\Local\Programs\Python\Python38-32\lib\encodings\cp1252.py", line 19, in encode
    return codecs.charmap_encode(input,self.errors,encoding_table)[0]
UnicodeEncodeError: 'charmap' codec can't encode character '\U0001f011' in position 82: character maps to <undefined>
2021-07-14 23:55:48: End the game...
2021-07-14 23:55:48:     Game was ended unexpected
2021-07-14 23:55:48: 
