2021-07-15 00:33:50:     User(ID044813EF-4dCn98J3) was authenticated successfully
2021-07-15 00:33:51:     Game type = "Red bonus tile" : True, "Open tanyao" : True, "Game  length" : tonpusen
2021-07-15 00:33:51:     A new game started!
2021-07-15 00:33:51:     The replay link can be found here: http://tenhou.net/0/?log=2021071423gm-0001-0000-6df7a500&tw=3
2021-07-15 00:34:02:     --------------------------------------------------
2021-07-15 00:34:02:  
2021-07-15 00:34:02:     [Player 1] draws a tile...
2021-07-15 00:34:09:     [Player 2] draws a tile...
2021-07-15 00:34:11:     [Player 3] draws a tile...
2021-07-15 00:34:13: 
2021-07-15 00:34:14:     [Player 1] draws a tile...
2021-07-15 00:34:19:     [Player 2] draws a tile...
2021-07-15 00:34:22:     [Player 3] draws a tile...
2021-07-15 00:34:26: 
2021-07-15 00:34:26: 
2021-07-15 00:34:26:     Remaining tiles: 63
2021-07-15 00:34:26:     --------------------------------------------------
2021-07-15 00:34:26: 
2021-07-15 00:34:27:     [Player 1] draws a tile...
2021-07-15 00:34:32:     [Player 2] draws a tile...
2021-07-15 00:34:33:     [Player 3] draws a tile...
2021-07-15 00:34:36: 
2021-07-15 00:34:36: 
2021-07-15 00:34:36:     Remaining tiles: 59
2021-07-15 00:34:36:     --------------------------------------------------
2021-07-15 00:34:36: 
2021-07-15 00:34:37:     [Player 1] draws a tile...
2021-07-15 00:34:39:     [Player 2] draws a tile...
2021-07-15 00:34:48:     [Player 3] draws a tile...
2021-07-15 00:34:55: 
2021-07-15 00:34:56: 
2021-07-15 00:34:56:     Remaining tiles: 55
2021-07-15 00:34:56:     --------------------------------------------------
2021-07-15 00:34:56: 
2021-07-15 00:34:56:     [Player 1] draws a tile...
2021-07-15 00:35:02:     [Player 2] draws a tile...
2021-07-15 00:35:03:     [Player 3] draws a tile...
2021-07-15 00:35:05: 
2021-07-15 00:35:06: 
2021-07-15 00:35:06:     Remaining tiles: 51
2021-07-15 00:35:06:     --------------------------------------------------
2021-07-15 00:35:06: 
2021-07-15 00:35:07:     [Player 1] draws a tile...
2021-07-15 00:35:12:     [Player 2] draws a tile...
2021-07-15 00:35:15:     [Player 3] draws a tile...
2021-07-15 00:35:24:     [Player 2] draws a tile...
2021-07-15 00:35:26:     [Player 3] draws a tile...
2021-07-15 00:35:29: 
2021-07-15 00:35:30:     [Player 1] draws a tile...
2021-07-15 00:35:33:     [Player 2] draws a tile...
2021-07-15 00:35:35:     [Player 3] draws a tile...
2021-07-15 00:35:37: 
2021-07-15 00:35:38: 
2021-07-15 00:35:38:     Remaining tiles: 42
2021-07-15 00:35:38:     --------------------------------------------------
2021-07-15 00:35:38: 
2021-07-15 00:35:38:     [Player 1] draws a tile...
2021-07-15 00:35:42:     [Player 2] draws a tile...
2021-07-15 00:35:45:     [Player 3] draws a tile...
2021-07-15 00:35:48: 
2021-07-15 00:35:49: 
2021-07-15 00:35:49:     Remaining tiles: 38
2021-07-15 00:35:49:     --------------------------------------------------
2021-07-15 00:35:49: 
2021-07-15 00:35:49:     [Player 1] draws a tile...
2021-07-15 00:35:55:     [Player 2] draws a tile...
2021-07-15 00:35:59:     [Player 3] draws a tile...
2021-07-15 00:36:02: 
2021-07-15 00:36:03: 
2021-07-15 00:36:04: 
2021-07-15 00:36:04:     Remaining tiles: 34
2021-07-15 00:36:04:     --------------------------------------------------
2021-07-15 00:36:04: 
2021-07-15 00:36:06:     --------------------------------------------------
2021-07-15 00:36:06: 
2021-07-15 00:36:06:     <AGARI ba="0,1" hai="20,21,22,24,25,58,60,61,65,66,68,81,86,91" machi="21" ten="40,8000,1" yaku="1,1,2,1,52,3,53,0" doraHai="18" doraHaiUra="96" who="3" fromWho="0" sc="250,-80,250,0,250,0,240,90" />
2021-07-15 00:36:06: 
2021-07-15 00:36:06:     --------------------------------------------------
2021-07-15 00:36:17:     --------------------------------------------------
2021-07-15 00:36:17:  
2021-07-15 00:36:17:     [Player 2] draws a tile...
2021-07-15 00:36:27: 
2021-07-15 00:36:28: 
2021-07-15 00:36:28:     Remaining tiles: 68
2021-07-15 00:36:28:     --------------------------------------------------
2021-07-15 00:36:28: 
2021-07-15 00:36:28:     [Player 1] draws a tile...
2021-07-15 00:36:30:     [Player 2] draws a tile...
2021-07-15 00:36:32:     [Player 3] draws a tile...
2021-07-15 00:36:35: 
2021-07-15 00:36:35:     [Player 1] draws a tile...
2021-07-15 00:36:39:     [Player 2] draws a tile...
2021-07-15 00:36:40:     [Player 3] draws a tile...
2021-07-15 00:36:44: 
2021-07-15 00:36:44:     [Player 1] draws a tile...
2021-07-15 00:36:56:     [Player 2] draws a tile...
2021-07-15 00:36:59:     [Player 3] draws a tile...
2021-07-15 00:37:04: 
2021-07-15 00:37:05:     [Player 1] draws a tile...
2021-07-15 00:37:06:     [Player 2] draws a tile...
2021-07-15 00:37:14:     [Player 3] draws a tile...
2021-07-15 00:37:18: 
2021-07-15 00:37:18: 
2021-07-15 00:37:18:     Remaining tiles: 55
2021-07-15 00:37:18:     --------------------------------------------------
2021-07-15 00:37:18: 
2021-07-15 00:37:22:     [Player 1] draws a tile...
2021-07-15 00:37:25:     [Player 2] draws a tile...
2021-07-15 00:37:28:     [Player 3] draws a tile...
2021-07-15 00:37:30: 
2021-07-15 00:37:30: 
2021-07-15 00:37:30:     Remaining tiles: 51
2021-07-15 00:37:30:     --------------------------------------------------
2021-07-15 00:37:30: 
2021-07-15 00:37:31:     [Player 1] draws a tile...
2021-07-15 00:37:35:     [Player 2] draws a tile...
2021-07-15 00:37:40:     [Player 2] draws a tile...
2021-07-15 00:37:47: 
2021-07-15 00:37:48: 
2021-07-15 00:37:48:     Remaining tiles: 47
2021-07-15 00:37:48:     --------------------------------------------------
2021-07-15 00:37:48: 
2021-07-15 00:37:48:     [Player 1] draws a tile...
2021-07-15 00:37:54:     [Player 2] draws a tile...
2021-07-15 00:37:55:     [Player 3] draws a tile...
2021-07-15 00:37:58: 
2021-07-15 00:37:59: 
2021-07-15 00:37:59:     Remaining tiles: 43
2021-07-15 00:37:59:     --------------------------------------------------
2021-07-15 00:37:59: 
2021-07-15 00:38:04:     [Player 1] draws a tile...
2021-07-15 00:38:06:     [Player 2] draws a tile...
2021-07-15 00:38:15:     [Player 3] draws a tile...
2021-07-15 00:38:16: 
2021-07-15 00:38:17: 
2021-07-15 00:38:17:     Remaining tiles: 39
2021-07-15 00:38:17:     --------------------------------------------------
2021-07-15 00:38:17: 
2021-07-15 00:38:17:     [Player 1] draws a tile...
2021-07-15 00:38:19:     [Player 2] draws a tile...
2021-07-15 00:38:21:     [Player 3] draws a tile...
2021-07-15 00:38:38: 
2021-07-15 00:38:38: 
2021-07-15 00:38:38:     Remaining tiles: 35
2021-07-15 00:38:38:     --------------------------------------------------
2021-07-15 00:38:38: 
2021-07-15 00:38:39:     [Player 1] draws a tile...
2021-07-15 00:38:47:     [Player 3] draws a tile...
2021-07-15 00:38:50:     --------------------------------------------------
2021-07-15 00:38:50: 
2021-07-15 00:38:50:     <AGARI ba="0,0" hai="13,18,21,23,27,28,59,61,65,66,67" m="51343" machi="65" ten="30,1500,0" yaku="8,1" doraHai="30" who="2" fromWho="3" sc="170,0,250,0,250,15,330,-15" />
2021-07-15 00:38:50: 
2021-07-15 00:38:50:     --------------------------------------------------
2021-07-15 00:38:54:     --------------------------------------------------
2021-07-15 00:38:54:  
2021-07-15 00:38:54:     [Player 2] draws a tile...
2021-07-15 00:39:03:     [Player 3] draws a tile...
2021-07-15 00:39:06: 
2021-07-15 00:39:06: 
2021-07-15 00:39:06:     Remaining tiles: 67
2021-07-15 00:39:06:     --------------------------------------------------
2021-07-15 00:39:06: 
2021-07-15 00:39:11:     [Player 1] draws a tile...
2021-07-15 00:39:12:     [Player 2] draws a tile...
2021-07-15 00:39:14:     [Player 3] draws a tile...
2021-07-15 00:39:16: 
2021-07-15 00:39:17: 
2021-07-15 00:39:17:     Remaining tiles: 63
2021-07-15 00:39:17:     --------------------------------------------------
2021-07-15 00:39:17: 
2021-07-15 00:39:20:     [Player 1] draws a tile...
2021-07-15 00:39:21: 
2021-07-15 00:39:22:     [Player 1] draws a tile...
2021-07-15 00:39:25:     [Player 2] draws a tile...
2021-07-15 00:39:44:     [Player 3] draws a tile...
2021-07-15 00:39:46: 
2021-07-15 00:39:47: 
2021-07-15 00:39:47:     Remaining tiles: 58
2021-07-15 00:39:47:     --------------------------------------------------
2021-07-15 00:39:47: 
2021-07-15 00:39:47:     [Player 1] draws a tile...
2021-07-15 00:39:49:     [Player 2] draws a tile...
2021-07-15 00:39:55:     [Player 3] draws a tile...
2021-07-15 00:39:58: 
2021-07-15 00:39:59: 
2021-07-15 00:39:59:     Remaining tiles: 54
2021-07-15 00:39:59:     --------------------------------------------------
2021-07-15 00:39:59: 
2021-07-15 00:40:00:     [Player 1] draws a tile...
2021-07-15 00:40:01:     [Player 2] draws a tile...
2021-07-15 00:40:03:     [Player 3] draws a tile...
2021-07-15 00:40:04: 
2021-07-15 00:40:05: 
2021-07-15 00:40:05:     Remaining tiles: 50
2021-07-15 00:40:05:     --------------------------------------------------
2021-07-15 00:40:05: 
2021-07-15 00:40:08:     [Player 1] draws a tile...
2021-07-15 00:40:10:     [Player 2] draws a tile...
2021-07-15 00:40:12:     [Player 3] draws a tile...
2021-07-15 00:40:14: 
2021-07-15 00:40:15: 
2021-07-15 00:40:15:     Remaining tiles: 46
2021-07-15 00:40:15:     --------------------------------------------------
2021-07-15 00:40:15: 
2021-07-15 00:40:15:     [Player 1] draws a tile...
2021-07-15 00:40:17:     [Player 2] draws a tile...
2021-07-15 00:40:25:     [Player 3] draws a tile...
2021-07-15 00:40:27: 
2021-07-15 00:40:27: 
2021-07-15 00:40:27:     Remaining tiles: 42
2021-07-15 00:40:27:     --------------------------------------------------
2021-07-15 00:40:27: 
2021-07-15 00:40:28:     [Player 1] draws a tile...
2021-07-15 00:40:30:     [Player 2] draws a tile...
2021-07-15 00:40:33:     [Player 3] draws a tile...
2021-07-15 00:40:48: 
2021-07-15 00:40:48: 
2021-07-15 00:40:48:     Remaining tiles: 38
2021-07-15 00:40:48:     --------------------------------------------------
2021-07-15 00:40:48: 
2021-07-15 00:40:49:     [Player 1] draws a tile...
2021-07-15 00:40:54:     [Player 2] draws a tile...
2021-07-15 00:41:00:     [Player 3] draws a tile...
2021-07-15 00:41:03: 
2021-07-15 00:41:03: 
2021-07-15 00:41:03:     Remaining tiles: 34
2021-07-15 00:41:03:     --------------------------------------------------
2021-07-15 00:41:03: 
2021-07-15 00:41:04:     [Player 1] draws a tile...
2021-07-15 00:41:09:     [Player 2] draws a tile...
2021-07-15 00:41:13:     [Player 3] draws a tile...
2021-07-15 00:41:18:     [Player 2] draws a tile...
2021-07-15 00:41:20:     [Player 3] draws a tile...
2021-07-15 00:41:23: 
2021-07-15 00:41:24: 
2021-07-15 00:41:24:     Remaining tiles: 28
2021-07-15 00:41:24:     --------------------------------------------------
2021-07-15 00:41:24: 
2021-07-15 00:41:25:     [Player 1] draws a tile...
2021-07-15 00:41:28:     [Player 2] draws a tile...
2021-07-15 00:41:30:     [Player 3] draws a tile...
2021-07-15 00:41:38: 
2021-07-15 00:41:38: 
2021-07-15 00:41:38:     Remaining tiles: 24
2021-07-15 00:41:38:     --------------------------------------------------
2021-07-15 00:41:38: 
2021-07-15 00:41:39:     [Player 1] draws a tile...
2021-07-15 00:41:42:     [Player 2] draws a tile...
2021-07-15 00:41:47:     [Player 3] draws a tile...
2021-07-15 00:41:51: 
2021-07-15 00:41:52: 
2021-07-15 00:41:52:     Remaining tiles: 20
2021-07-15 00:41:52:     --------------------------------------------------
2021-07-15 00:41:52: 
2021-07-15 00:41:54:     [Player 1] draws a tile...
2021-07-15 00:41:58:     [Player 2] draws a tile...
2021-07-15 00:41:59:     [Player 3] draws a tile...
2021-07-15 00:42:08:     [Player 2] draws a tile...
2021-07-15 00:42:12:     [Player 3] draws a tile...
2021-07-15 00:42:18: 
2021-07-15 00:42:19: 
2021-07-15 00:42:19:     Remaining tiles: 14
2021-07-15 00:42:19:     --------------------------------------------------
2021-07-15 00:42:19: 
2021-07-15 00:42:19:     [Player 1] draws a tile...
2021-07-15 00:42:27:     [Player 2] draws a tile...
2021-07-15 00:42:35:     [Player 3] draws a tile...
2021-07-15 00:42:41: 
2021-07-15 00:42:42: 
2021-07-15 00:42:42:     Remaining tiles: 10
2021-07-15 00:42:42:     --------------------------------------------------
2021-07-15 00:42:42: 
2021-07-15 00:42:42:     [Player 1] draws a tile...
2021-07-15 00:42:46:     [Player 2] draws a tile...
2021-07-15 00:42:49:     [Player 3] draws a tile...
2021-07-15 00:42:50: 
2021-07-15 00:42:50:     [Player 1] draws a tile...
2021-07-15 00:42:55:     [Player 2] draws a tile...
2021-07-15 00:42:56:     [Player 3] draws a tile...
2021-07-15 00:42:56: 
2021-07-15 00:42:57: 
2021-07-15 00:42:57:     Remaining tiles: 3
2021-07-15 00:42:57:     --------------------------------------------------
2021-07-15 00:42:57: 
2021-07-15 00:42:57:     [Player 1] draws a tile...
2021-07-15 00:43:00:     [Player 2] draws a tile...
2021-07-15 00:43:02:     [Player 3] draws a tile...
2021-07-15 00:43:02:     NO ONE WINS, NO MORE TILES...

2021-07-15 00:43:02:     --------------------------------------------------
2021-07-15 00:43:06:     --------------------------------------------------
2021-07-15 00:43:06:  
2021-07-15 00:43:06:     [Player 3] draws a tile...
2021-07-15 00:43:06: 
2021-07-15 00:43:06: 
2021-07-15 00:43:06:     Remaining tiles: 68
2021-07-15 00:43:06:     --------------------------------------------------
2021-07-15 00:43:06: 
2021-07-15 00:43:07:     [Player 1] draws a tile...
2021-07-15 00:43:13:     [Player 2] draws a tile...
2021-07-15 00:43:21:     [Player 3] draws a tile...
2021-07-15 00:43:25: 
2021-07-15 00:43:25: 
2021-07-15 00:43:25:     Remaining tiles: 64
2021-07-15 00:43:25:     --------------------------------------------------
2021-07-15 00:43:25: 
2021-07-15 00:43:26:     [Player 1] draws a tile...
2021-07-15 00:43:29:     [Player 2] draws a tile...
2021-07-15 00:43:31:     [Player 3] draws a tile...
2021-07-15 00:43:31: 
2021-07-15 00:43:32: 
2021-07-15 00:43:32:     Remaining tiles: 60
2021-07-15 00:43:32:     --------------------------------------------------
2021-07-15 00:43:32: 
2021-07-15 00:43:32:     [Player 1] draws a tile...
2021-07-15 00:43:35:     [Player 2] draws a tile...
2021-07-15 00:43:38:     [Player 3] draws a tile...
2021-07-15 00:43:38: 
2021-07-15 00:43:38: 
2021-07-15 00:43:38:     Remaining tiles: 56
2021-07-15 00:43:38:     --------------------------------------------------
2021-07-15 00:43:38: 
2021-07-15 00:43:39:     [Player 1] draws a tile...
2021-07-15 00:43:47:     [Player 2] draws a tile...
2021-07-15 00:43:54:     [Player 3] draws a tile...
2021-07-15 00:43:54: 
2021-07-15 00:43:54: 
2021-07-15 00:43:54:     Remaining tiles: 52
2021-07-15 00:43:54:     --------------------------------------------------
2021-07-15 00:43:54: 
2021-07-15 00:43:55:     [Player 1] draws a tile...
2021-07-15 00:43:58:     [Player 2] draws a tile...
2021-07-15 00:44:01:     [Player 3] draws a tile...
2021-07-15 00:44:01: 
2021-07-15 00:44:01: 
2021-07-15 00:44:01:     Remaining tiles: 48
2021-07-15 00:44:01:     --------------------------------------------------
2021-07-15 00:44:01: 
2021-07-15 00:44:02:     [Player 1] draws a tile...
2021-07-15 00:44:05:     [Player 2] draws a tile...
2021-07-15 00:44:08:     [Player 3] draws a tile...
2021-07-15 00:44:08: 
2021-07-15 00:44:09: 
2021-07-15 00:44:09:     Remaining tiles: 44
2021-07-15 00:44:09:     --------------------------------------------------
2021-07-15 00:44:09: 
2021-07-15 00:44:09:     [Player 1] draws a tile...
2021-07-15 00:44:14:     [Player 2] draws a tile...
2021-07-15 00:44:17:     [Player 3] draws a tile...
2021-07-15 00:44:17: 
2021-07-15 00:44:17: 
2021-07-15 00:44:17:     Remaining tiles: 40
2021-07-15 00:44:17:     --------------------------------------------------
2021-07-15 00:44:17: 
2021-07-15 00:44:18:     [Player 1] draws a tile...
2021-07-15 00:44:25:     [Player 3] draws a tile...
2021-07-15 00:44:25: 
2021-07-15 00:44:25: 
2021-07-15 00:44:25:     Remaining tiles: 37
2021-07-15 00:44:25:     --------------------------------------------------
2021-07-15 00:44:25: 
2021-07-15 00:44:26:     [Player 1] draws a tile...
2021-07-15 00:44:38:     [Player 3] draws a tile...
2021-07-15 00:44:38: 
2021-07-15 00:44:39: 
2021-07-15 00:44:39:     Remaining tiles: 34
2021-07-15 00:44:39:     --------------------------------------------------
2021-07-15 00:44:39: 
2021-07-15 00:44:39:     [Player 1] draws a tile...
2021-07-15 00:44:43:     [Player 2] draws a tile...
2021-07-15 00:44:45:     [Player 3] draws a tile...
2021-07-15 00:44:45: 
2021-07-15 00:44:46: 
2021-07-15 00:44:46:     Remaining tiles: 30
2021-07-15 00:44:46:     --------------------------------------------------
2021-07-15 00:44:46: 
2021-07-15 00:44:46:     [Player 1] draws a tile...
2021-07-15 00:44:51:     [Player 2] draws a tile...
2021-07-15 00:44:53:     [Player 3] draws a tile...
2021-07-15 00:44:53: 
2021-07-15 00:44:53: 
2021-07-15 00:44:53:     Remaining tiles: 26
2021-07-15 00:44:53:     --------------------------------------------------
2021-07-15 00:44:53: 
2021-07-15 00:44:54:     [Player 1] draws a tile...
2021-07-15 00:44:59:     [Player 2] draws a tile...
2021-07-15 00:45:01:     [Player 3] draws a tile...
2021-07-15 00:45:04: 
2021-07-15 00:45:04: 
2021-07-15 00:45:04:     Remaining tiles: 22
2021-07-15 00:45:04:     --------------------------------------------------
2021-07-15 00:45:04: 
2021-07-15 00:45:05:     [Player 1] draws a tile...
2021-07-15 00:45:08:     [Player 2] draws a tile...
2021-07-15 00:45:10:     [Player 3] draws a tile...
2021-07-15 00:45:13: 
2021-07-15 00:45:14:     [Player 1] draws a tile...
2021-07-15 00:45:18:     [Player 2] draws a tile...
2021-07-15 00:45:21:     [Player 3] draws a tile...
2021-07-15 00:45:21: 
2021-07-15 00:45:21: 
2021-07-15 00:45:21:     Remaining tiles: 15
2021-07-15 00:45:21:     --------------------------------------------------
2021-07-15 00:45:21: 
2021-07-15 00:45:22:     [Player 1] draws a tile...
2021-07-15 00:45:24: 
2021-07-15 00:45:27:     [Player 2] draws a tile...
2021-07-15 00:45:29:     [Player 3] draws a tile...
2021-07-15 00:45:29: 
2021-07-15 00:45:29: 
2021-07-15 00:45:29:     Remaining tiles: 11
2021-07-15 00:45:29:     --------------------------------------------------
2021-07-15 00:45:29: 
2021-07-15 00:45:30:     [Player 1] draws a tile...
2021-07-15 00:45:32:     [Player 2] draws a tile...
2021-07-15 00:45:34:     [Player 3] draws a tile...
2021-07-15 00:45:35: 
2021-07-15 00:45:35:     [Player 1] draws a tile...
2021-07-15 00:45:37:     [Player 2] draws a tile...
2021-07-15 00:45:40:     [Player 3] draws a tile...
2021-07-15 00:45:40: 
2021-07-15 00:45:41: 
2021-07-15 00:45:41:     Remaining tiles: 4
2021-07-15 00:45:41:     --------------------------------------------------
2021-07-15 00:45:41: 
2021-07-15 00:45:41:     [Player 1] draws a tile...
2021-07-15 00:45:43:     [Player 2] draws a tile...
2021-07-15 00:45:45:     [Player 3] draws a tile...
2021-07-15 00:45:45: 
2021-07-15 00:45:46: 
2021-07-15 00:45:46:     Remaining tiles: 0
2021-07-15 00:45:46:     --------------------------------------------------
2021-07-15 00:45:46: 
2021-07-15 00:45:46:     NO ONE WINS, NO MORE TILES...

2021-07-15 00:45:46:     --------------------------------------------------
2021-07-15 00:45:51:     --------------------------------------------------
2021-07-15 00:45:51:  
2021-07-15 00:45:51: 
2021-07-15 00:45:52: 
2021-07-15 00:45:52:     Remaining tiles: 69
2021-07-15 00:45:52:     --------------------------------------------------
2021-07-15 00:45:52: 
2021-07-15 00:45:52:     [Player 1] draws a tile...
2021-07-15 00:45:58:     [Player 2] draws a tile...
2021-07-15 00:46:03:     [Player 3] draws a tile...
2021-07-15 00:46:04: 
2021-07-15 00:46:04: 
2021-07-15 00:46:04:     Remaining tiles: 65
2021-07-15 00:46:04:     --------------------------------------------------
2021-07-15 00:46:04: 
2021-07-15 00:46:10:     [Player 1] draws a tile...
2021-07-15 00:46:16:     [Player 2] draws a tile...
2021-07-15 00:46:18:     [Player 3] draws a tile...
2021-07-15 00:46:18: 
2021-07-15 00:46:19: 
2021-07-15 00:46:19:     Remaining tiles: 61
2021-07-15 00:46:19:     --------------------------------------------------
2021-07-15 00:46:19: 
2021-07-15 00:46:19:     [Player 1] draws a tile...
2021-07-15 00:46:27:     [Player 2] draws a tile...
2021-07-15 00:46:30:     [Player 3] draws a tile...
2021-07-15 00:46:31: 
2021-07-15 00:46:31:     [Player 1] draws a tile...
2021-07-15 00:46:34:     [Player 2] draws a tile...
2021-07-15 00:46:36:     [Player 3] draws a tile...
2021-07-15 00:46:36: 
2021-07-15 00:46:36: 
2021-07-15 00:46:36:     Remaining tiles: 54
2021-07-15 00:46:36:     --------------------------------------------------
2021-07-15 00:46:36: 
2021-07-15 00:46:37:     [Player 1] draws a tile...
2021-07-15 00:46:42:     [Player 2] draws a tile...
2021-07-15 00:46:45:     [Player 3] draws a tile...
2021-07-15 00:46:45: 
2021-07-15 00:46:46: 
2021-07-15 00:46:46:     Remaining tiles: 50
2021-07-15 00:46:46:     --------------------------------------------------
2021-07-15 00:46:46: 
2021-07-15 00:46:46:     [Player 1] draws a tile...
2021-07-15 00:46:50:     [Player 2] draws a tile...
2021-07-15 00:46:52:     [Player 3] draws a tile...
2021-07-15 00:46:52: 
2021-07-15 00:46:52: 
2021-07-15 00:46:52:     Remaining tiles: 46
2021-07-15 00:46:52:     --------------------------------------------------
2021-07-15 00:46:52: 
2021-07-15 00:46:53:     [Player 1] draws a tile...
2021-07-15 00:47:05:     [Player 2] draws a tile...
2021-07-15 00:47:08:     [Player 3] draws a tile...
2021-07-15 00:47:08: 
2021-07-15 00:47:08: 
2021-07-15 00:47:08:     Remaining tiles: 42
2021-07-15 00:47:08:     --------------------------------------------------
2021-07-15 00:47:08: 
2021-07-15 00:47:09:     [Player 1] draws a tile...
2021-07-15 00:47:24:     [Player 3] draws a tile...
2021-07-15 00:47:24: 
2021-07-15 00:47:25: 
2021-07-15 00:47:25:     Remaining tiles: 39
2021-07-15 00:47:25:     --------------------------------------------------
2021-07-15 00:47:25: 
2021-07-15 00:47:25:     [Player 1] draws a tile...
2021-07-15 00:47:29:     [Player 2] draws a tile...
2021-07-15 00:47:31:     [Player 3] draws a tile...
2021-07-15 00:47:31: 
2021-07-15 00:47:31: 
2021-07-15 00:47:31:     Remaining tiles: 35
2021-07-15 00:47:31:     --------------------------------------------------
2021-07-15 00:47:31: 
2021-07-15 00:47:40:     [Player 2] draws a tile...
2021-07-15 00:47:42:     [Player 3] draws a tile...
2021-07-15 00:47:42: 
2021-07-15 00:47:43: 
2021-07-15 00:47:43:     Remaining tiles: 32
2021-07-15 00:47:43:     --------------------------------------------------
2021-07-15 00:47:43: 
2021-07-15 00:47:43:     [Player 1] draws a tile...
2021-07-15 00:47:59:     [Player 3] draws a tile...
2021-07-15 00:47:59: 
2021-07-15 00:47:59: 
2021-07-15 00:47:59:     Remaining tiles: 29
2021-07-15 00:47:59:     --------------------------------------------------
2021-07-15 00:47:59: 
2021-07-15 00:48:00:     [Player 1] draws a tile...
2021-07-15 00:48:03:     [Player 2] draws a tile...
2021-07-15 00:48:07:     [Player 3] draws a tile...
2021-07-15 00:48:07: 
2021-07-15 00:48:07: 
2021-07-15 00:48:07:     Remaining tiles: 25
2021-07-15 00:48:07:     --------------------------------------------------
2021-07-15 00:48:07: 
2021-07-15 00:48:10:     [Player 1] draws a tile...
2021-07-15 00:48:11:     [Player 2] draws a tile...
2021-07-15 00:48:13:     [Player 3] draws a tile...
2021-07-15 00:48:13: 
2021-07-15 00:48:14: 
2021-07-15 00:48:14:     Remaining tiles: 21
2021-07-15 00:48:14:     --------------------------------------------------
2021-07-15 00:48:14: 
2021-07-15 00:48:19:     [Player 2] draws a tile...
2021-07-15 00:48:20:     [Player 3] draws a tile...
2021-07-15 00:48:20: 
2021-07-15 00:48:21: 
2021-07-15 00:48:21:     Remaining tiles: 18
2021-07-15 00:48:21:     --------------------------------------------------
2021-07-15 00:48:21: 
2021-07-15 00:48:21:     [Player 1] draws a tile...
2021-07-15 00:48:26:     --------------------------------------------------
2021-07-15 00:48:26: 
2021-07-15 00:48:26:     <AGARI ba="3,1" hai="10,14,18,41,45,49,93,95" m="35943,17863" machi="41" ten="30,3900,0" yaku="8,1,52,1,54,1" doraHai="44" who="2" fromWho="1" sc="145,0,285,-48,270,58,290,0" owari="145,-35.0,237,-16.0,328,42.0,290,9.0" />
2021-07-15 00:48:26: 
2021-07-15 00:48:26:     --------------------------------------------------
2021-07-15 00:48:28:     --------------------------------------------------
2021-07-15 00:48:28:     Game End
2021-07-15 00:48:28: 
