2021-07-12 20:31:19:     User(ID044813EF-4dCn98J3) was authenticated successfully
2021-07-12 20:31:40:     Game type = "Red bonus tile" : True, "Open tanyao" : True, "Game  length" : tonpusen
2021-07-12 20:31:40:     A new game started!
2021-07-12 20:31:40:     The replay link can be found here: http://tenhou.net/0/?log=2021071219gm-0001-0000-85938ab3&tw=2
2021-07-12 20:31:43:     --------------------------------------------------
2021-07-12 20:31:43:  
2021-07-12 20:31:43:     [Player 2] draws a tile...
2021-07-12 20:31:47:     [Player 3] draws a tile...
2021-07-12 20:31:49: 
2021-07-12 20:31:52:     [Player 1] draws a tile...
2021-07-12 20:31:59: 
2021-07-12 20:32:00:     [Player 1] draws a tile...
2021-07-12 20:32:02:     [Player 2] draws a tile...
2021-07-12 20:32:06:     [Player 2] draws a tile...
2021-07-12 20:32:14:     [Player 2] draws a tile...
2021-07-12 20:32:14:     [Player 3] draws a tile...
2021-07-12 20:32:19:     [Player 2] draws a tile...
2021-07-12 20:32:20:     [Player 3] draws a tile...
2021-07-12 20:32:23: 
2021-07-12 20:32:24: 
2021-07-12 20:32:24:     Remaining tiles: 59
2021-07-12 20:32:24:     --------------------------------------------------
2021-07-12 20:32:24: 
2021-07-12 20:32:25:     [Player 1] draws a tile...
2021-07-12 20:32:28:     [Player 2] draws a tile...
2021-07-12 20:32:31:     [Player 3] draws a tile...
2021-07-12 20:32:38: 
2021-07-12 20:32:38: 
2021-07-12 20:32:38:     Remaining tiles: 55
2021-07-12 20:32:38:     --------------------------------------------------
2021-07-12 20:32:38: 
2021-07-12 20:32:40:     [Player 1] draws a tile...
2021-07-12 20:32:47:     [Player 3] draws a tile...
2021-07-12 20:32:49: 
2021-07-12 20:32:50: 
2021-07-12 20:32:50:     Remaining tiles: 52
2021-07-12 20:32:50:     --------------------------------------------------
2021-07-12 20:32:50: 
2021-07-12 20:32:51:     [Player 1] draws a tile...
2021-07-12 20:32:52: 
2021-07-12 20:32:53:     [Player 1] draws a tile...
2021-07-12 20:32:54:     [Player 2] draws a tile...
2021-07-12 20:32:57:     [Player 3] draws a tile...
2021-07-12 20:33:00: 
2021-07-12 20:33:00: 
2021-07-12 20:33:00:     Remaining tiles: 47
2021-07-12 20:33:00:     --------------------------------------------------
2021-07-12 20:33:00: 
2021-07-12 20:33:01:     [Player 1] draws a tile...
2021-07-12 20:33:03:     [Player 2] draws a tile...
2021-07-12 20:33:11:     [Player 3] draws a tile...
2021-07-12 20:33:14: 
2021-07-12 20:33:15: 
2021-07-12 20:33:15:     Remaining tiles: 43
2021-07-12 20:33:15:     --------------------------------------------------
2021-07-12 20:33:15: 
2021-07-12 20:33:15:     [Player 1] draws a tile...
2021-07-12 20:33:19:     [Player 2] draws a tile...
2021-07-12 20:33:22:     [Player 3] draws a tile...
2021-07-12 20:33:24: 
2021-07-12 20:33:25: 
2021-07-12 20:33:25:     Remaining tiles: 39
2021-07-12 20:33:25:     --------------------------------------------------
2021-07-12 20:33:25: 
2021-07-12 20:33:26:     [Player 1] draws a tile...
2021-07-12 20:33:33:     [Player 3] draws a tile...
2021-07-12 20:33:37:     --------------------------------------------------
2021-07-12 20:33:37: 
2021-07-12 20:33:37:     <AGARI ba="0,0" hai="34,35,47,50,55" m="1546,38473,41513" machi="34" ten="30,2000,0" yaku="14,1,52,1" doraHai="44" who="1" fromWho="3" sc="250,0,250,20,250,0,250,-20" />
2021-07-12 20:33:37: Unexpected exception
Traceback (most recent call last):
  File "c:\Users\chenq\Desktop\Mahjong\Mahjong AI\MahjongAI\main.py", line 17, in connect_and_play
    return client.start_game()
  File "c:\Users\chenq\Desktop\Mahjong\Mahjong AI\MahjongAI\client\tenhou_client.py", line 146, in start_game
    '<AGARI' in msg and self._handle_round_end(msg)
  File "c:\Users\chenq\Desktop\Mahjong\Mahjong AI\MahjongAI\client\tenhou_client.py", line 404, in _handle_round_end
    self._round_end_info_to_file(res_str)
  File "c:\Users\chenq\Desktop\Mahjong\Mahjong AI\MahjongAI\client\tenhou_client.py", line 748, in _round_end_info_to_file
    self.logger_obj.add_round_end_result(msg)
  File "c:\Users\chenq\Desktop\Mahjong\Mahjong AI\MahjongAI\logger\logger_handler.py", line 57, in add_round_end_result
    open(self.scores_path, 'a').write(msg)
  File "C:\Users\chenq\AppData\Local\Programs\Python\Python38-32\lib\encodings\cp1252.py", line 19, in encode
    return codecs.charmap_encode(input,self.errors,encoding_table)[0]
UnicodeEncodeError: 'charmap' codec can't encode character '\U0001f00f' in position 79: character maps to <undefined>
2021-07-12 20:33:37: End the game...
2021-07-12 20:33:38:     Game was ended unexpected
2021-07-12 20:33:38: 
