2021-07-12 19:49:19:     User(ID044813EF-4dCn98J3) was authenticated successfully
2021-07-12 19:49:25:     Game type = "Red bonus tile" : True, "Open tanyao" : True, "Game  length" : tonpusen
2021-07-12 19:49:25:     A new game started!
2021-07-12 19:49:25:     The replay link can be found here: http://tenhou.net/0/?log=2021071218gm-0001-0000-8d83f9c8&tw=1
2021-07-12 19:49:30:     --------------------------------------------------
2021-07-12 19:49:30:  
2021-07-12 19:49:30:     [Player 3] draws a tile...
2021-07-12 19:49:35: 
2021-07-12 19:49:36: 
2021-07-12 19:49:36:     Remaining tiles: 68
2021-07-12 19:49:36:     --------------------------------------------------
2021-07-12 19:49:36: 
2021-07-12 19:49:36:     [Player 1] draws a tile...
2021-07-12 19:49:40:     [Player 2] draws a tile...
2021-07-12 19:49:42:     [Player 3] draws a tile...
2021-07-12 19:49:44: 
2021-07-12 19:49:44: 
2021-07-12 19:49:44:     Remaining tiles: 64
2021-07-12 19:49:44:     --------------------------------------------------
2021-07-12 19:49:44: 
2021-07-12 19:49:45:     [Player 1] draws a tile...
2021-07-12 19:49:46:     [Player 2] draws a tile...
2021-07-12 19:49:49:     [Player 3] draws a tile...
2021-07-12 19:49:51: 
2021-07-12 19:49:51: 
2021-07-12 19:49:51:     Remaining tiles: 60
2021-07-12 19:49:51:     --------------------------------------------------
2021-07-12 19:49:51: 
2021-07-12 19:49:52:     [Player 1] draws a tile...
2021-07-12 19:49:54:     [Player 2] draws a tile...
2021-07-12 19:49:56:     [Player 3] draws a tile...
2021-07-12 19:49:58: 
2021-07-12 19:49:58: 
2021-07-12 19:49:58:     Remaining tiles: 56
2021-07-12 19:49:58:     --------------------------------------------------
2021-07-12 19:49:58: 
2021-07-12 19:49:59:     [Player 1] draws a tile...
2021-07-12 19:50:00:     [Player 2] draws a tile...
2021-07-12 19:50:06:     [Player 3] draws a tile...
2021-07-12 19:50:10: 
2021-07-12 19:50:11:     [Player 1] draws a tile...
2021-07-12 19:50:14:     [Player 2] draws a tile...
2021-07-12 19:50:18:     [Player 3] draws a tile...
2021-07-12 19:50:20: 
2021-07-12 19:50:20: 
2021-07-12 19:50:20:     Remaining tiles: 49
2021-07-12 19:50:20:     --------------------------------------------------
2021-07-12 19:50:20: 
2021-07-12 19:50:22:     [Player 1] draws a tile...
2021-07-12 19:50:24:     [Player 2] draws a tile...
2021-07-12 19:50:27:     [Player 3] draws a tile...
2021-07-12 19:50:28: 
2021-07-12 19:50:29: 
2021-07-12 19:50:29:     Remaining tiles: 45
2021-07-12 19:50:29:     --------------------------------------------------
2021-07-12 19:50:29: 
2021-07-12 19:50:29:     [Player 1] draws a tile...
2021-07-12 19:50:31:     [Player 2] draws a tile...
2021-07-12 19:50:33:     [Player 3] draws a tile...
2021-07-12 19:50:35: 
2021-07-12 19:50:36: 
2021-07-12 19:50:36:     Remaining tiles: 41
2021-07-12 19:50:36:     --------------------------------------------------
2021-07-12 19:50:36: 
2021-07-12 19:50:36:     [Player 1] draws a tile...
2021-07-12 19:50:39:     [Player 2] draws a tile...
2021-07-12 19:50:41:     [Player 3] draws a tile...
2021-07-12 19:50:48: 
2021-07-12 19:50:49: 
2021-07-12 19:50:49:     Remaining tiles: 37
2021-07-12 19:50:49:     --------------------------------------------------
2021-07-12 19:50:49: 
2021-07-12 19:50:49:     [Player 1] draws a tile...
2021-07-12 19:50:54:     [Player 2] draws a tile...
2021-07-12 19:50:55:     [Player 3] draws a tile...
2021-07-12 19:50:58: 
2021-07-12 19:50:58: 
2021-07-12 19:50:58:     Remaining tiles: 33
2021-07-12 19:50:58:     --------------------------------------------------
2021-07-12 19:50:58: 
2021-07-12 19:50:59:     [Player 1] draws a tile...
2021-07-12 19:51:01:     [Player 2] draws a tile...
2021-07-12 19:51:03:     [Player 3] draws a tile...
2021-07-12 19:51:05: 
2021-07-12 19:51:06: 
2021-07-12 19:51:06:     Remaining tiles: 29
2021-07-12 19:51:06:     --------------------------------------------------
2021-07-12 19:51:06: 
2021-07-12 19:51:08:     [Player 1] draws a tile...
2021-07-12 19:51:10:     [Player 2] draws a tile...
2021-07-12 19:51:15:     [Player 3] draws a tile...
2021-07-12 19:51:18: 
2021-07-12 19:51:18:     [Player 1] draws a tile...
2021-07-12 19:51:22:     [Player 2] draws a tile...
2021-07-12 19:51:23:     [Player 3] draws a tile...
2021-07-12 19:51:25: 
2021-07-12 19:51:26: 
2021-07-12 19:51:26:     Remaining tiles: 22
2021-07-12 19:51:26:     --------------------------------------------------
2021-07-12 19:51:26: 
2021-07-12 19:51:26:     [Player 1] draws a tile...
2021-07-12 19:51:29:     [Player 2] draws a tile...
2021-07-12 19:51:30:     [Player 3] draws a tile...
2021-07-12 19:51:35: 
2021-07-12 19:51:35: 
2021-07-12 19:51:35:     Remaining tiles: 18
2021-07-12 19:51:35:     --------------------------------------------------
2021-07-12 19:51:35: 
2021-07-12 19:51:36:     [Player 1] draws a tile...
2021-07-12 19:51:39:     [Player 2] draws a tile...
2021-07-12 19:51:44:     [Player 3] draws a tile...
2021-07-12 19:51:46: 
2021-07-12 19:51:46: 
2021-07-12 19:51:46:     Remaining tiles: 14
2021-07-12 19:51:46:     --------------------------------------------------
2021-07-12 19:51:46: 
2021-07-12 19:51:49:     [Player 1] draws a tile...
2021-07-12 19:51:53:     [Player 2] draws a tile...
2021-07-12 19:51:57:     [Player 3] draws a tile...
2021-07-12 19:52:00: 
2021-07-12 19:52:02:     [Player 1] draws a tile...
2021-07-12 19:52:06:     [Player 2] draws a tile...
2021-07-12 19:52:10:     [Player 3] draws a tile...
2021-07-12 19:52:15: 
2021-07-12 19:52:17: 
2021-07-12 19:52:17: 
2021-07-12 19:52:17:     Remaining tiles: 7
2021-07-12 19:52:17:     --------------------------------------------------
2021-07-12 19:52:17: 
2021-07-12 19:52:18:     [Player 1] draws a tile...
2021-07-12 19:52:24:     [Player 2] draws a tile...
2021-07-12 19:52:25:     [Player 3] draws a tile...
2021-07-12 19:52:26: 
2021-07-12 19:52:27: 
2021-07-12 19:52:27:     Remaining tiles: 3
2021-07-12 19:52:27:     --------------------------------------------------
2021-07-12 19:52:27: 
2021-07-12 19:52:29:     [Player 1] draws a tile...
2021-07-12 19:52:31:     --------------------------------------------------
2021-07-12 19:52:31: 
2021-07-12 19:52:31:     <AGARI ba="0,1" hai="1,5,9,40,45,48,62,64,68,70,71,97,102,107" machi="64" ten="30,1100,0" yaku="0,1" doraHai="25" who="1" fromWho="1" sc="250,-3,250,21,250,-3,240,-5" />
2021-07-12 19:52:31: Unexpected exception
Traceback (most recent call last):
  File "c:\Users\chenq\Desktop\Mahjong\Mahjong AI\MahjongAI\main.py", line 17, in connect_and_play
    return client.start_game()
  File "c:\Users\chenq\Desktop\Mahjong\Mahjong AI\MahjongAI\client\tenhou_client.py", line 146, in start_game
    '<AGARI' in msg and self._handle_round_end(msg)
  File "c:\Users\chenq\Desktop\Mahjong\Mahjong AI\MahjongAI\client\tenhou_client.py", line 404, in _handle_round_end
    self._round_end_info_to_file(res_str)
  File "c:\Users\chenq\Desktop\Mahjong\Mahjong AI\MahjongAI\client\tenhou_client.py", line 748, in _round_end_info_to_file
    self.logger_obj.add_round_end_result(msg)
  File "c:\Users\chenq\Desktop\Mahjong\Mahjong AI\MahjongAI\logger\logger_handler.py", line 57, in add_round_end_result
    open(self.scores_path, 'a').write(msg)
  File "C:\Users\chenq\AppData\Local\Programs\Python\Python38-32\lib\encodings\cp1252.py", line 19, in encode
    return codecs.charmap_encode(input,self.errors,encoding_table)[0]
UnicodeEncodeError: 'charmap' codec can't encode character '\U0001f020' in position 81: character maps to <undefined>
2021-07-12 19:52:31: End the game...
2021-07-12 19:52:31:     Game was ended unexpected
2021-07-12 19:52:31: 
