2021-07-15 00:58:47:     User(ID044813EF-4dCn98J3) was authenticated successfully
2021-07-15 00:58:50:     Game type = "Red bonus tile" : True, "Open tanyao" : True, "Game  length" : tonpusen
2021-07-15 00:58:50:     A new game started!
2021-07-15 00:58:50:     The replay link can be found here: http://tenhou.net/0/?log=2021071423gm-0001-0000-fbba6f9a&tw=0
2021-07-15 00:58:53:     --------------------------------------------------
2021-07-15 00:58:53:  
2021-07-15 00:58:53: 
2021-07-15 00:58:53: 
2021-07-15 00:58:53:     Remaining tiles: 69
2021-07-15 00:58:53:     --------------------------------------------------
2021-07-15 00:58:53: 
2021-07-15 00:58:54:     [Player 1] draws a tile...
2021-07-15 00:59:06:     [Player 2] draws a tile...
2021-07-15 00:59:08:     [Player 3] draws a tile...
2021-07-15 00:59:10: 
2021-07-15 00:59:11: 
2021-07-15 00:59:11:     Remaining tiles: 65
2021-07-15 00:59:11:     --------------------------------------------------
2021-07-15 00:59:11: 
2021-07-15 00:59:11:     [Player 1] draws a tile...
2021-07-15 00:59:13:     [Player 2] draws a tile...
2021-07-15 00:59:15:     [Player 3] draws a tile...
2021-07-15 00:59:16: 
2021-07-15 00:59:17: 
2021-07-15 00:59:17:     Remaining tiles: 61
2021-07-15 00:59:17:     --------------------------------------------------
2021-07-15 00:59:17: 
2021-07-15 00:59:19:     [Player 1] draws a tile...
2021-07-15 00:59:21:     [Player 2] draws a tile...
2021-07-15 00:59:24:     [Player 3] draws a tile...
2021-07-15 00:59:27: 
2021-07-15 00:59:27:     [Player 1] draws a tile...
2021-07-15 00:59:32:     [Player 2] draws a tile...
2021-07-15 00:59:41:     [Player 3] draws a tile...
2021-07-15 00:59:44: 
2021-07-15 00:59:44: 
2021-07-15 00:59:44:     Remaining tiles: 54
2021-07-15 00:59:44:     --------------------------------------------------
2021-07-15 00:59:44: 
2021-07-15 00:59:45:     [Player 1] draws a tile...
2021-07-15 00:59:50:     [Player 2] draws a tile...
2021-07-15 00:59:55:     [Player 3] draws a tile...
2021-07-15 01:00:00: 
2021-07-15 01:00:00: 
2021-07-15 01:00:00:     Remaining tiles: 50
2021-07-15 01:00:00:     --------------------------------------------------
2021-07-15 01:00:00: 
2021-07-15 01:00:01:     [Player 1] draws a tile...
2021-07-15 01:00:03:     [Player 2] draws a tile...
2021-07-15 01:00:06:     [Player 3] draws a tile...
2021-07-15 01:00:13: 
2021-07-15 01:00:14: 
2021-07-15 01:00:14:     Remaining tiles: 46
2021-07-15 01:00:14:     --------------------------------------------------
2021-07-15 01:00:14: 
2021-07-15 01:00:14:     [Player 1] draws a tile...
2021-07-15 01:00:22:     [Player 3] draws a tile...
2021-07-15 01:00:26: 
2021-07-15 01:00:29:     [Player 1] draws a tile...
2021-07-15 01:00:36:     [Player 2] draws a tile...
2021-07-15 01:00:40:     [Player 3] draws a tile...
2021-07-15 01:00:44: 
2021-07-15 01:00:44: 
2021-07-15 01:00:44:     Remaining tiles: 40
2021-07-15 01:00:44:     --------------------------------------------------
2021-07-15 01:00:44: 
2021-07-15 01:00:46:     [Player 1] draws a tile...
2021-07-15 01:00:51:     [Player 2] draws a tile...
2021-07-15 01:00:56:     [Player 3] draws a tile...
2021-07-15 01:00:59: 
2021-07-15 01:01:00: 
2021-07-15 01:01:00:     Remaining tiles: 36
2021-07-15 01:01:00:     --------------------------------------------------
2021-07-15 01:01:00: 
2021-07-15 01:01:00:     [Player 1] draws a tile...
2021-07-15 01:01:02:     [Player 2] draws a tile...
2021-07-15 01:01:05:     [Player 3] draws a tile...
2021-07-15 01:01:09: 
2021-07-15 01:01:09: 
2021-07-15 01:01:09:     Remaining tiles: 32
2021-07-15 01:01:09:     --------------------------------------------------
2021-07-15 01:01:09: 
2021-07-15 01:01:10:     [Player 1] draws a tile...
2021-07-15 01:01:13:     [Player 2] draws a tile...
2021-07-15 01:01:15:     [Player 2] draws a tile...
2021-07-15 01:01:17:     [Player 3] draws a tile...
2021-07-15 01:01:19: 
2021-07-15 01:01:19: 
2021-07-15 01:01:19:     Remaining tiles: 28
2021-07-15 01:01:19:     --------------------------------------------------
2021-07-15 01:01:19: 
2021-07-15 01:01:20:     [Player 1] draws a tile...
2021-07-15 01:01:25:     [Player 2] draws a tile...
2021-07-15 01:01:27:     [Player 3] draws a tile...
2021-07-15 01:01:39: 
2021-07-15 01:01:40: 
2021-07-15 01:01:40:     Remaining tiles: 24
2021-07-15 01:01:40:     --------------------------------------------------
2021-07-15 01:01:40: 
2021-07-15 01:01:42:     [Player 1] draws a tile...
2021-07-15 01:01:43:     [Player 2] draws a tile...
2021-07-15 01:01:46:     [Player 3] draws a tile...
2021-07-15 01:01:48: 
2021-07-15 01:01:49: 
2021-07-15 01:01:49:     Remaining tiles: 20
2021-07-15 01:01:49:     --------------------------------------------------
2021-07-15 01:01:49: 
2021-07-15 01:01:49:     [Player 1] draws a tile...
2021-07-15 01:01:51:     [Player 2] draws a tile...
2021-07-15 01:01:53:     [Player 3] draws a tile...
2021-07-15 01:01:56: 
2021-07-15 01:01:57: 
2021-07-15 01:01:57:     Remaining tiles: 16
2021-07-15 01:01:57:     --------------------------------------------------
2021-07-15 01:01:57: 
2021-07-15 01:01:59:     [Player 1] draws a tile...
2021-07-15 01:02:04:     [Player 2] draws a tile...
2021-07-15 01:02:07:     [Player 3] draws a tile...
2021-07-15 01:02:09: 
2021-07-15 01:02:10: 
2021-07-15 01:02:10:     Remaining tiles: 12
2021-07-15 01:02:10:     --------------------------------------------------
2021-07-15 01:02:10: 
2021-07-15 01:02:10:     [Player 1] draws a tile...
2021-07-15 01:02:14:     [Player 2] draws a tile...
2021-07-15 01:02:17:     [Player 3] draws a tile...
2021-07-15 01:02:26: 
2021-07-15 01:02:27: 
2021-07-15 01:02:28: 
2021-07-15 01:02:28:     Remaining tiles: 8
2021-07-15 01:02:28:     --------------------------------------------------
2021-07-15 01:02:28: 
2021-07-15 01:02:32:     [Player 2] draws a tile...
2021-07-15 01:02:34:     [Player 3] draws a tile...
2021-07-15 01:02:35: 
2021-07-15 01:02:36: 
2021-07-15 01:02:36:     Remaining tiles: 5
2021-07-15 01:02:36:     --------------------------------------------------
2021-07-15 01:02:36: 
2021-07-15 01:02:36:     [Player 1] draws a tile...
2021-07-15 01:02:39:     [Player 2] draws a tile...
2021-07-15 01:02:43:     [Player 3] draws a tile...
2021-07-15 01:02:49:     [Player 3] draws a tile...
2021-07-15 01:02:49:     NO ONE WINS, NO MORE TILES...

2021-07-15 01:02:49:     --------------------------------------------------
2021-07-15 01:02:54:     --------------------------------------------------
2021-07-15 01:02:54:  
2021-07-15 01:02:54:     [Player 1] draws a tile...
2021-07-15 01:02:58:     [Player 2] draws a tile...
2021-07-15 01:03:00:     [Player 3] draws a tile...
2021-07-15 01:03:04: 
2021-07-15 01:03:05: 
2021-07-15 01:03:05:     Remaining tiles: 66
2021-07-15 01:03:05:     --------------------------------------------------
2021-07-15 01:03:05: 
2021-07-15 01:03:05:     [Player 1] draws a tile...
2021-07-15 01:03:10:     [Player 2] draws a tile...
2021-07-15 01:03:11:     [Player 3] draws a tile...
2021-07-15 01:03:14: 
2021-07-15 01:03:14: 
2021-07-15 01:03:14:     Remaining tiles: 62
2021-07-15 01:03:14:     --------------------------------------------------
2021-07-15 01:03:14: 
2021-07-15 01:03:15:     [Player 1] draws a tile...
2021-07-15 01:03:19: 
2021-07-15 01:03:22:     [Player 1] draws a tile...
2021-07-15 01:03:24:     [Player 2] draws a tile...
2021-07-15 01:03:26:     [Player 3] draws a tile...
2021-07-15 01:03:29: 
2021-07-15 01:03:29: 
2021-07-15 01:03:29:     Remaining tiles: 57
2021-07-15 01:03:29:     --------------------------------------------------
2021-07-15 01:03:29: 
2021-07-15 01:03:31:     [Player 1] draws a tile...
2021-07-15 01:03:40:     [Player 2] draws a tile...
2021-07-15 01:03:41:     [Player 3] draws a tile...
2021-07-15 01:03:46: 
2021-07-15 01:03:46: 
2021-07-15 01:03:46:     Remaining tiles: 53
2021-07-15 01:03:46:     --------------------------------------------------
2021-07-15 01:03:46: 
2021-07-15 01:03:47:     [Player 1] draws a tile...
2021-07-15 01:03:49:     [Player 2] draws a tile...
2021-07-15 01:03:51:     [Player 3] draws a tile...
2021-07-15 01:03:59: 
2021-07-15 01:03:59: 
2021-07-15 01:03:59:     Remaining tiles: 49
2021-07-15 01:03:59:     --------------------------------------------------
2021-07-15 01:03:59: 
2021-07-15 01:04:00:     [Player 1] draws a tile...
2021-07-15 01:04:02:     [Player 2] draws a tile...
2021-07-15 01:04:06:     [Player 3] draws a tile...
2021-07-15 01:04:19: 
2021-07-15 01:04:20: 
2021-07-15 01:04:20:     Remaining tiles: 45
2021-07-15 01:04:20:     --------------------------------------------------
2021-07-15 01:04:20: 
2021-07-15 01:04:20:     [Player 1] draws a tile...
2021-07-15 01:04:22:     [Player 2] draws a tile...
2021-07-15 01:04:35:     [Player 3] draws a tile...
2021-07-15 01:04:38: 
2021-07-15 01:04:38: 
2021-07-15 01:04:38:     Remaining tiles: 41
2021-07-15 01:04:38:     --------------------------------------------------
2021-07-15 01:04:38: 
2021-07-15 01:04:39:     [Player 1] draws a tile...
2021-07-15 01:04:46:     [Player 2] draws a tile...
2021-07-15 01:04:48:     [Player 3] draws a tile...
2021-07-15 01:04:51: 
2021-07-15 01:04:51: 
2021-07-15 01:04:51:     Remaining tiles: 37
2021-07-15 01:04:51:     --------------------------------------------------
2021-07-15 01:04:51: 
2021-07-15 01:04:53:     [Player 1] draws a tile...
2021-07-15 01:04:58:     [Player 2] draws a tile...
2021-07-15 01:05:03:     [Player 3] draws a tile...
2021-07-15 01:05:05: 
2021-07-15 01:05:05:     [Player 1] draws a tile...
2021-07-15 01:05:08:     [Player 2] draws a tile...
2021-07-15 01:05:10:     [Player 3] draws a tile...
2021-07-15 01:05:13: 
2021-07-15 01:05:13: 
2021-07-15 01:05:13:     Remaining tiles: 30
2021-07-15 01:05:13:     --------------------------------------------------
2021-07-15 01:05:13: 
2021-07-15 01:05:14:     [Player 1] draws a tile...
2021-07-15 01:05:16:     [Player 2] draws a tile...
2021-07-15 01:05:26: 
2021-07-15 01:05:26: 
2021-07-15 01:05:26:     Remaining tiles: 27
2021-07-15 01:05:26:     --------------------------------------------------
2021-07-15 01:05:26: 
2021-07-15 01:05:27:     [Player 1] draws a tile...
2021-07-15 01:05:29:     [Player 2] draws a tile...
2021-07-15 01:05:34:     [Player 3] draws a tile...
2021-07-15 01:05:37: 
2021-07-15 01:05:38: 
2021-07-15 01:05:38:     Remaining tiles: 23
2021-07-15 01:05:38:     --------------------------------------------------
2021-07-15 01:05:38: 
2021-07-15 01:05:38:     [Player 1] draws a tile...
2021-07-15 01:05:42:     [Player 2] draws a tile...
2021-07-15 01:05:44:     [Player 3] draws a tile...
2021-07-15 01:05:46: 
2021-07-15 01:05:47: 
2021-07-15 01:05:47:     Remaining tiles: 19
2021-07-15 01:05:47:     --------------------------------------------------
2021-07-15 01:05:47: 
2021-07-15 01:05:47:     [Player 1] draws a tile...
2021-07-15 01:05:49:     [Player 2] draws a tile...
2021-07-15 01:05:53:     [Player 3] draws a tile...
2021-07-15 01:05:55: 
2021-07-15 01:05:56: 
2021-07-15 01:05:56:     Remaining tiles: 15
2021-07-15 01:05:56:     --------------------------------------------------
2021-07-15 01:05:56: 
2021-07-15 01:05:58:     --------------------------------------------------
2021-07-15 01:05:58: 
2021-07-15 01:05:58:     <AGARI ba="1,1" hai="52,53,75,76,81,84,90,94,128,129,131" m="26187" machi="94" ten="40,2600,0" yaku="19,1,54,1" doraHai="132" who="3" fromWho="0" sc="220,-29,260,0,260,0,250,39" />
2021-07-15 01:05:58: 
2021-07-15 01:05:58:     --------------------------------------------------
2021-07-15 01:06:03:     --------------------------------------------------
2021-07-15 01:06:03:  
2021-07-15 01:06:03:     [Player 2] draws a tile...
2021-07-15 01:06:10:     [Player 3] draws a tile...
2021-07-15 01:06:12: 
2021-07-15 01:06:13: 
2021-07-15 01:06:13:     Remaining tiles: 67
2021-07-15 01:06:13:     --------------------------------------------------
2021-07-15 01:06:13: 
2021-07-15 01:06:13:     [Player 1] draws a tile...
2021-07-15 01:06:17:     [Player 2] draws a tile...
2021-07-15 01:06:23: 
2021-07-15 01:06:24: 
2021-07-15 01:06:24:     Remaining tiles: 64
2021-07-15 01:06:24:     --------------------------------------------------
2021-07-15 01:06:24: 
2021-07-15 01:06:24:     [Player 1] draws a tile...
2021-07-15 01:06:29:     [Player 2] draws a tile...
2021-07-15 01:06:35:     [Player 3] draws a tile...
2021-07-15 01:06:40: 
2021-07-15 01:06:41:     [Player 1] draws a tile...
2021-07-15 01:06:46:     [Player 2] draws a tile...
2021-07-15 01:06:53:     [Player 3] draws a tile...
2021-07-15 01:06:55: 
2021-07-15 01:06:56: 
2021-07-15 01:06:56:     Remaining tiles: 57
2021-07-15 01:06:56:     --------------------------------------------------
2021-07-15 01:06:56: 
2021-07-15 01:06:58:     --------------------------------------------------
2021-07-15 01:06:58: 
2021-07-15 01:06:58:     <AGARI ba="0,0" hai="5,11,15,70,71,78,81,85,124,125,127" m="28203" machi="125" ten="30,7700,0" yaku="18,1,52,3" doraHai="133" who="3" fromWho="0" sc="191,-77,260,0,260,0,289,77" />
2021-07-15 01:06:58: 
2021-07-15 01:06:58:     --------------------------------------------------
2021-07-15 01:07:02:     --------------------------------------------------
2021-07-15 01:07:02:  
2021-07-15 01:07:02:     [Player 3] draws a tile...
2021-07-15 01:07:12: 
2021-07-15 01:07:13: 
2021-07-15 01:07:13:     Remaining tiles: 68
2021-07-15 01:07:13:     --------------------------------------------------
2021-07-15 01:07:13: 
2021-07-15 01:07:13:     [Player 1] draws a tile...
2021-07-15 01:07:15:     [Player 2] draws a tile...
2021-07-15 01:07:18:     [Player 3] draws a tile...
2021-07-15 01:07:21: 
2021-07-15 01:07:21: 
2021-07-15 01:07:21:     Remaining tiles: 64
2021-07-15 01:07:21:     --------------------------------------------------
2021-07-15 01:07:21: 
2021-07-15 01:07:22:     [Player 1] draws a tile...
2021-07-15 01:07:26:     [Player 2] draws a tile...
2021-07-15 01:07:32:     [Player 3] draws a tile...
2021-07-15 01:07:34: 
2021-07-15 01:07:34: 
2021-07-15 01:07:34:     Remaining tiles: 60
2021-07-15 01:07:34:     --------------------------------------------------
2021-07-15 01:07:34: 
2021-07-15 01:07:35:     [Player 1] draws a tile...
2021-07-15 01:07:39:     [Player 2] draws a tile...
2021-07-15 01:07:45:     [Player 3] draws a tile...
2021-07-15 01:07:49: 
2021-07-15 01:07:49: 
2021-07-15 01:07:49:     Remaining tiles: 56
2021-07-15 01:07:49:     --------------------------------------------------
2021-07-15 01:07:49: 
2021-07-15 01:07:51:     [Player 1] draws a tile...
2021-07-15 01:08:00:     [Player 2] draws a tile...
2021-07-15 01:08:05:     [Player 3] draws a tile...
2021-07-15 01:08:07: 
2021-07-15 01:08:07: 
2021-07-15 01:08:07:     Remaining tiles: 52
2021-07-15 01:08:07:     --------------------------------------------------
2021-07-15 01:08:07: 
2021-07-15 01:08:09:     [Player 1] draws a tile...
2021-07-15 01:08:12:     [Player 2] draws a tile...
2021-07-15 01:08:14:     [Player 3] draws a tile...
2021-07-15 01:08:20: 
2021-07-15 01:08:21:     [Player 1] draws a tile...
2021-07-15 01:08:24:     [Player 2] draws a tile...
2021-07-15 01:08:31:     [Player 3] draws a tile...
2021-07-15 01:08:35: 
2021-07-15 01:08:35: 
2021-07-15 01:08:35:     Remaining tiles: 45
2021-07-15 01:08:35:     --------------------------------------------------
2021-07-15 01:08:35: 
2021-07-15 01:08:36:     [Player 1] draws a tile...
2021-07-15 01:08:42:     [Player 2] draws a tile...
2021-07-15 01:08:55:     [Player 3] draws a tile...
2021-07-15 01:09:02: 
2021-07-15 01:09:03: 
2021-07-15 01:09:03:     Remaining tiles: 41
2021-07-15 01:09:03:     --------------------------------------------------
2021-07-15 01:09:03: 
2021-07-15 01:09:05:     [Player 1] draws a tile...
2021-07-15 01:09:07:     [Player 2] draws a tile...
2021-07-15 01:09:12:     [Player 3] draws a tile...
2021-07-15 01:09:15: 
2021-07-15 01:09:16: 
2021-07-15 01:09:16:     Remaining tiles: 37
2021-07-15 01:09:16:     --------------------------------------------------
2021-07-15 01:09:16: 
2021-07-15 01:09:17:     [Player 1] draws a tile...
2021-07-15 01:09:19:     [Player 2] draws a tile...
2021-07-15 01:09:21:     [Player 3] draws a tile...
2021-07-15 01:09:23: 
2021-07-15 01:09:23: 
2021-07-15 01:09:23:     Remaining tiles: 33
2021-07-15 01:09:23:     --------------------------------------------------
2021-07-15 01:09:23: 
2021-07-15 01:09:25:     [Player 1] draws a tile...
2021-07-15 01:09:33:     [Player 2] draws a tile...
2021-07-15 01:09:43:     [Player 3] draws a tile...
2021-07-15 01:09:49: 
2021-07-15 01:09:49: 
2021-07-15 01:09:49:     Remaining tiles: 29
2021-07-15 01:09:49:     --------------------------------------------------
2021-07-15 01:09:49: 
2021-07-15 01:09:50:     [Player 1] draws a tile...
2021-07-15 01:09:55:     [Player 2] draws a tile...
2021-07-15 01:09:56:     [Player 3] draws a tile...
2021-07-15 01:10:01: 
2021-07-15 01:10:01: 
2021-07-15 01:10:01:     Remaining tiles: 25
2021-07-15 01:10:01:     --------------------------------------------------
2021-07-15 01:10:01: 
2021-07-15 01:10:03:     [Player 1] draws a tile...
2021-07-15 01:10:13: 
2021-07-15 01:10:14:     [Player 1] draws a tile...
2021-07-15 01:10:23:     [Player 2] draws a tile...
2021-07-15 01:10:26:     [Player 3] draws a tile...
2021-07-15 01:10:29: 
2021-07-15 01:10:29: 
2021-07-15 01:10:29:     Remaining tiles: 20
2021-07-15 01:10:29:     --------------------------------------------------
2021-07-15 01:10:29: 
2021-07-15 01:10:31:     [Player 1] draws a tile...
2021-07-15 01:10:36:     [Player 2] draws a tile...
2021-07-15 01:10:38:     [Player 3] draws a tile...
2021-07-15 01:10:41: 
2021-07-15 01:10:41: 
2021-07-15 01:10:41:     Remaining tiles: 16
2021-07-15 01:10:41:     --------------------------------------------------
2021-07-15 01:10:41: 
2021-07-15 01:10:44:     [Player 1] draws a tile...
2021-07-15 01:10:47:     [Player 2] draws a tile...
2021-07-15 01:10:49:     [Player 3] draws a tile...
2021-07-15 01:10:56: 
2021-07-15 01:10:56: 
2021-07-15 01:10:56:     Remaining tiles: 12
2021-07-15 01:10:56:     --------------------------------------------------
2021-07-15 01:10:56: 
2021-07-15 01:10:58:     [Player 1] draws a tile...
2021-07-15 01:10:59:     [Player 2] draws a tile...
2021-07-15 01:11:09:     [Player 3] draws a tile...
2021-07-15 01:11:10: 
2021-07-15 01:11:11: 
2021-07-15 01:11:11:     Remaining tiles: 8
2021-07-15 01:11:11:     --------------------------------------------------
2021-07-15 01:11:11: 
2021-07-15 01:11:13:     [Player 1] draws a tile...
2021-07-15 01:11:22:     [Player 2] draws a tile...
2021-07-15 01:11:25:     [Player 3] draws a tile...
2021-07-15 01:11:26: 
2021-07-15 01:11:26: 
2021-07-15 01:11:26:     Remaining tiles: 4
2021-07-15 01:11:26:     --------------------------------------------------
2021-07-15 01:11:26: 
2021-07-15 01:11:31:     [Player 2] draws a tile...
2021-07-15 01:11:33:     [Player 3] draws a tile...
2021-07-15 01:11:35: 
2021-07-15 01:11:36: 
2021-07-15 01:11:36:     Remaining tiles: 1
2021-07-15 01:11:36:     --------------------------------------------------
2021-07-15 01:11:36: 
2021-07-15 01:11:38:     [Player 1] draws a tile...
2021-07-15 01:11:39:     NO ONE WINS, NO MORE TILES...

2021-07-15 01:11:39:     --------------------------------------------------
2021-07-15 01:11:42:     --------------------------------------------------
2021-07-15 01:11:42:     Game End
2021-07-15 01:11:42: 
